Requested labels: self-hosted, 2.7423883667319124, , , , 6857376, False, 
Requested labels: self-hosted__dup_2, 110524.50616984112, , , , 4633793737, False, 
##[group]GITHUB_TOKEN Permissions, 59.95775399879494, , , , 10014447, False, 
##[group]Build container for action use: '/home/power/actions-runner/_work/_actions/micronaut-projects/github-pages-deploy-action/master/Dockerfile'., 100.80582108833131, , , , 26312466, False, 
##[group]Run sudo rm -rf "/usr/local/share/boost", 3.3177360806662244, , , , 455461, False, 
##[group]Run actions/checkout@v4, 0.7276174963088772, , , , 179931, False, 
##[group]Getting Git version info, 0.7436350663527853, , , , 39251, False, 
##[group]Initializing the repository, 0.7596526363966931, , , , 108364, False, 
##[group]Setting up auth, 0.7756702064406014, , , , 92621, False, 
##[group]Fetching the repository, 120.1932486054994, , , , 13952878, False, 
##[group]Determining the checkout info, 24.17221117115661, , , , 8249, False, 
##[group]Checking out the ref, 120.86105585578306, , , , 594648, False, 
##[group]Run graalvm/setup-graalvm@v1.2.1, 19.586915530170717, , , , 277407, False, 
##[group]Successfully set up 'graalvm-jdk-17.0.11+7.1', 16.46989857901951, , , , 1380739, False, 
##[group]Restore Gradle state from cache, 5.950548108089674, , , , 1042050, False, 
##[group]Run [ -f ./setup.sh ] && ./setup.sh || [ ! -f ./setup.sh ], 9160.670701345509, , , , 378197204, False, 
> Task :buildSrc:generatePluginAdapters, 654.0216446929084, , , , 30001578, False, 
> Task :buildSrc:compileJava, 154.6535852794848, , , , 5898527, False, 
> Task :buildSrc:compileGroovy, 20.835395811505578, , , , 600942, False, 
> Task :buildSrc:classes, 18.269253191116576, , , , 93463, False, 
> Task :buildSrc:jar, 1633.422353875515, , , , 82301535, False, 
> Task :aop:processResources, 5.865910392531599, , , , 197966, False, 
> Task :inject:processResources, 49.80039435419202, , , , 2100045, False, 
> Task :core-processor:processResources, 1.918190070330293, , , , 99171, False, 
> Task :graal:processResources, 9.590950351651465, , , , 95498, False, 
> Task :context-propagation:generateNativeImageProperties SKIPPED, 2.4718479277028167, , , , 99519, False, 
> Task :context-propagation:sourcesJar, 2.7486768563890784, , , , 98816, False, 
> Task :core-bom:generateMetadataFileForMavenPublication, 3.0255057850753406, , , , 104857, False, 
> Task :core-bom:publishToMavenLocal, 16.51167356880801, , , , 192418, False, 
> Task :http:processResources, 3.0725324994153747, , , , 99367, False, 
> Task :jackson-core:processResources, 2.957631392242261, , , , 99526, False, 
> Task :http-netty:generateNativeImageProperties SKIPPED, 2.842730285069148, , , , 99097, False, 
> Task :function-web:sourcesJar, 2.727829177896034, , , , 99266, False, 
> Task :http:kotlinSourcesJar, 13.63914588948017, , , , 98025, False, 
> Task :http-client:sourcesJar, 2.9341644586629845, , , , 99603, False, 
> Task :http-server-netty:processResources, 146.20406851993505, , , , 5199421, False, 
> Task :core:compileJava, 33.69174828538995, , , , 2000781, False, 
> Task :http-tck:generateNativeImageProperties SKIPPED, 4.048784593805987, , , , 98179, False, 
> Task :runtime:generatePomFileForMavenPublication, 20.570803684953784, , , , 100003, False, 
> Task :management:processResources NO-SOURCE, 4.018247240185421, , , , 101578, False, 
> Task :inject-groovy-test:generateNativeImageProperties SKIPPED, 3.9223337433800816, , , , 95693, False, 
> Task :inject-java-test:generatePomFileForMavenPublication, 3.826420246574745, , , , 98602, False, 
> Task :inject-kotlin:sourcesJar, 3.730506749769408, , , , 98888, False, 
> Task :inject-kotlin-test:sourcesJar, 3.634593252964071, , , , 100275, False, 
> Task :retry:sourcesJar, 3.538679756158733, , , , 99023, False, 
> Task :websocket:sourcesJar, 29.956280126067004, , , , 3900417, False, 
> Task :inject:compileJava, 172.92699713963677, , , , 7808830, False, 
> Task :core:javadoc, 12.44015698095496, , , , 190723, False, 
> Task :inject:jar, 54.369191803984094, , , , 1900000, False, 
> Task :core:javadoc__dup_50, 27.99443921654815, , , , 4899573, False, 
> Task :core:javadocJar, 2.3171965835076027, , , , 99970, False, 
> Task :core:sourcesJar, 12.312653960131811, , , , 500024, False, 
> Task :core:publishToMavenLocal, 45.869449569553375, , , , 1401547, False, 
> Task :inject:javadoc, 131.50065696449212, , , , 8998292, False, 
> Task :core-reactive:compileKotlin, 104.76126161692856, , , , 4300032, False, 
> Task :inject:javadoc__dup_56, 9.842535586935927, , , , 299930, False, 
> Task :inject:javadocJar, 3.278011339717279, , , , 99982, False, 
> Task :inject:publishToMavenLocal, 40.18145685577554, , , , 2499791, False, 
> Task :core-reactive:classes, 16.17157729836987, , , , 99547, False, 
> Task :core-reactive:jar, 66.75889084783768, , , , 2300405, False, 
> Task :core-reactive:javadoc, 18.392309822261115, , , , 400035, False, 
> Task :aop:compileKotlin, 16.934370651661887, , , , 399936, False, 
> Task :core-reactive:javadoc__dup_63, 3.3444493377058597, , , , 99619, False, 
> Task :core-reactive:publishToMavenLocal, 6.625261486471942, , , , 199876, False, 
> Task :aop:classes, 16.404060743830414, , , , 99723, False, 
> Task :aop:jar, 71.42971955177342, , , , 2300811, False, 
> Task :aop:javadoc, 55.43542238330069, , , , 1299629, False, 
> Task :core-processor:compileJava, 3.497007942632891, , , , 99577, False, 
> Task :aop:publishToMavenLocal, 15.930709972722235, , , , 299722, False, 
> Task :core-processor:classes, 3.2251776932706377, , , , 99950, False, 
> Task :inject-groovy:compileJava NO-SOURCE, 72.49528098481251, , , , 1900717, False, 
> Task :inject-java:compileJava, 17.819439088464296, , , , 599678, False, 
> Task :inject-java:classes, 3.634430712377613, , , , 99433, False, 
> Task :inject-java:jar, 93.68123838736712, , , , 2500530, False, 
> Task :core-processor:javadoc, 3.7558684803287385, , , , 99559, False, 
> Task :buffer-netty:jar, 74.69971785263262, , , , 1900545, False, 
> Task :core-processor:javadoc__dup_77, 160.06197024065867, , , , 7000761, False, 
> Task :buffer-netty:javadoc, 3.67304911706204, , , , 98770, False, 
> Task :buffer-netty:publishToMavenLocal, 36.77055364038036, , , , 1199267, False, 
> Task :graal:classes, 18.4409245546672, , , , 99880, False, 
> Task :core-processor:javadoc__dup_81, 36.852008023419216, , , , 1299730, False, 
> Task :core-processor:javadocJar, 7.365018969178226, , , , 201351, False, 
> Task :core-processor:publishToMavenLocal, 128.44809791018906, , , , 4399323, False, 
> Task :context:compileJava, 18.159424065943888, , , , 199071, False, 
> Task :graal:javadocJar, 3.652050415985957, , , , 99459, False, 
> Task :graal:publishToMavenLocal, 18.327470755920384, , , , 1703569, False, 
> Task :context:compileJava__dup_87, 36.562597690300265, , , , 1096785, False, 
> Task :context:classes, 7.322638006366375, , , , 201411, False, 
> Task :context:jar, 18.31391145395329, , , , 1000707, False, 
> Task :inject-groovy:compileGroovy, 90.06096342583683, , , , 3697968, False, 
> Task :inject-java:javadoc, 18.021844191317136, , , , 499409, False, 
> Task :inject-kotlin:compileKotlin, 72.03954863278248, , , , 1901311, False, 
> Task :context:javadoc, 3.605250509780507, , , , 98183, False, 
> Task :inject-groovy:classes, 18.0287426075403, , , , 99769, False, 
> Task :inject-groovy:jar, 54.07180880316008, , , , 1706202, False, 
> Task :context:javadoc__dup_96, 3.603677610206143, , , , 95342, False, 
> Task :context:javadocJar, 3.603637631771146, , , , 98460, False, 
> Task :context:generateMetadataFileForMavenPublication, 3.603597653336149, , , , 100011, False, 
> Task :inject-groovy-test:compileJava NO-SOURCE, 54.01584958399502, , , , 2301024, False, 
> Task :inject-groovy:javadoc, 18.01813641837431, , , , 406009, False, 
> Task :context-propagation:kaptGenerateStubsKotlin, 53.98288421164278, , , , 1697843, False, 
> Task :inject-groovy:javadoc__dup_102, 54.05479802832916, , , , 1197123, False, 
> Task :inject-groovy-test:compileGroovy, 3.602441435861866, , , , 97806, False, 
> Task :inject-groovy:publishToMavenLocal, 7.203748806445671, , , , 199690, False, 
> Task :inject-java:publishToMavenLocal, 18.006536852919027, , , , 401939, False, 
> Task :inject-groovy-test:jar, 54.08291635405365, , , , 1297611, False, 
> Task :inject-java-test:compileJava, 36.010582992505825, , , , 1200246, False, 
> Task :inject-groovy-test:javadoc, 3.603863664556775, , , , 99943, False, 
> Task :inject-groovy-test:publishToMavenLocal, 36.030215273970455, , , , 1499479, False, 
> Task :messaging:compileJava, 3.597608454935592, , , , 100042, False, 
> Task :messaging:jar, 28.751127026640557, , , , 799817, False, 
> Task :inject-java-test:classes, 3.5901733017245454, , , , 104994, False, 
> Task :inject-java-test:jar, 3.5893471735899856, , , , 94982, False, 
> Task :context-propagation:compileKotlin NO-SOURCE, 125.70012683445428, , , , 3498978, False, 
> Task :messaging:javadoc, 3.591165464854165, , , , 100057, False, 
> Task :messaging:publishToMavenLocal, 3.5925622719346566, , , , 101933, False, 
> Task :context-propagation:classes, 3.593959079015148, , , , 97825, False, 
> Task :context-propagation:jar, 17.98376346588065, , , , 399956, False, 
> Task :inject-java-test:javadoc, 89.81260788572459, , , , 2400326, False, 
> Task :context-propagation:javadoc, 17.989209184166818, , , , 499500, False, 
> Task :context-propagation:publishToMavenLocal, 3.59715838523515, , , , 99945, False, 
> Task :retry:javadoc, 53.97865077359135, , , , 1576747, False, 
> Task :retry:javadocJar, 3.59705006754528, , , , 99920, False, 
> Task :retry:publishToMavenLocal, 17.985504227846253, , , , 601378, False, 
> Task :http:compileKotlin, 89.82442237255631, , , , 2398710, False, 
> Task :runtime-osx:javadoc, 35.99399028259651, , , , 905995, False, 
> Task :runtime-osx:publishToMavenLocal, 35.968262686079626, , , , 1193177, False, 
> Task :http:compileJava, 17.069336305442484, , , , 300119, False, 
> Task :http:classes, 16.194510142889747, , , , 399674, False, 
> Task :inject-kotlin:compileKotlin__dup_130, 34.20626438109724, , , , 1205548, False, 
> Task :function:classes, 3.594842028528175, , , , 94193, False, 
> Task :function:jar, 179.62448047558604, , , , 4701362, False, 
> Task :http:javadoc, 17.93952818322985, , , , 1498990, False, 
> Task :function:javadoc, 3.500441268123764, , , , 99700, False, 
> Task :function:javadocJar, 53.14196887023205, , , , 1800024, False, 
> Task :http:javadoc__dup_136, 10.389073454887937, , , , 301219, False, 
> Task :json-core:classes, 3.3741407218570103, , , , 98562, False, 
> Task :json-core:jar, 69.83188491101328, , , , 1601189, False, 
> Task :jackson-core:classes, 3.5966422452444267, , , , 99310, False, 
> Task :http:javadoc__dup_140, 17.948855296740476, , , , 498269, False, 
> Task :router:compileJava, 7.176844298903321, , , , 199692, False, 
> Task :http:javadocJar, 3.5876128035137995, , , , 99632, False, 
> Task :http:publishToMavenLocal, 71.79670891788474, , , , 1704606, False, 
> Task :router:compileJava__dup_144, 125.81872799398306, , , , 3598460, False, 
> Task :jackson-databind:compileJava, 3.415227552565802, , , , 97478, False, 
> Task :jackson-core:publishToMavenLocal, 3.354270923199566, , , , 98852, False, 
> Task :jackson-databind:classes, 16.466571469166652, , , , 199682, False, 
> Task :jackson-databind:jar, 10.416400133313402, , , , 299859, False, 
> Task :router:classes, 17.956730501981685, , , , 99924, False, 
> Task :router:jar, 53.94643005484244, , , , 2000411, False, 
> Task :discovery-core:compileJava, 3.599810905841556, , , , 99651, False, 
> Task :discovery-core:classes, 3.598647160691068, , , , 99893, False, 
> Task :discovery-core:jar, 71.87980343440304, , , , 2000349, False, 
> Task :json-core:javadoc, 35.97956545159299, , , , 2100644, False, 
> Task :jackson-databind:javadoc, 36.0402559366685, , , , 1601636, False, 
> Task :discovery-core:javadoc, 18.017236624373037, , , , 197140, False, 
> Task :jackson-databind:publishToMavenLocal, 7.196312330049136, , , , 199685, False, 
> Task :json-core:publishToMavenLocal, 54.00558324297548, , , , 1613324, False, 
> Task :discovery-core:javadoc__dup_159, 18.028316513542112, , , , 86381, False, 
> Task :discovery-core:javadocJar, 3.604409588613518, , , , 100036, False, 
> Task :runtime:publishToMavenLocal, 54.03106100368974, , , , 1499420, False, 
> Task :http-client-core:compileJava, 18.02206778737488, , , , 399942, False, 
> Task :http-client-core:jar, 71.99698083177188, , , , 2200342, False, 
> Task :router:javadoc, 3.602110614406994, , , , 99771, False, 
> Task :websocket:classes, 10.797648350231295, , , , 299778, False, 
> Task :websocket:jar, 53.94716174349402, , , , 1700974, False, 
> Task :router:javadoc__dup_167, 53.96651110524839, , , , 1399914, False, 
> Task :http-client-core:javadoc, 35.9841863129661, , , , 1303608, False, 
> Task :inject-kotlin-test:compileKotlin, 35.999247363625514, , , , 1196197, False, 
> Task :http-netty:compileJava, 35.958478970363245, , , , 1200154, False, 
> Task :http-client-core:javadoc__dup_171, 17.95642010398012, , , , 298854, False, 
> Task :http-client-core:javadocJar, 7.1881287255513175, , , , 200029, False, 
> Task :inject-kotlin-test:compileJava NO-SOURCE, 17.976279689548935, , , , 298553, False, 
> Task :http-netty:classes, 7.204912023973074, , , , 199878, False, 
> Task :http-netty:jar, 53.97375785728188, , , , 2000553, False, 
> Task :management:compileJava, 17.980568783561584, , , , 199773, False, 
> Task :http-server:compileJava, 14.359389006494943, , , , 400059, False, 
> Task :http-client:compileJava, 35.87112211040653, , , , 599412, False, 
> Task :http-server:jar, 17.967369216056856, , , , 615593, False, 
> Task :http-client:classes, 3.5919384793354108, , , , 83429, False, 
> Task :http-client:jar, 17.954574517090517, , , , 600012, False, 
> Task :function-web:jar, 53.93930710388576, , , , 1199942, False, 
> Task :function-client:jar, 35.889073070107, , , , 1000166, False, 
> Task :inject-kotlin-test:compileGroovy, 35.929038065639155, , , , 1100861, False, 
> Task :http-netty:javadoc, 35.92581346123474, , , , 1198639, False, 
> Task :function-web:javadoc, 3.5931314274148742, , , , 100311, False, 
> Task :function-web:publishToMavenLocal, 71.93645400225361, , , , 1600465, False, 
> Task :http-netty:javadoc__dup_188, 7.194838441092721, , , , 199031, False, 
> Task :function-client:javadoc, 3.5955162499918063, , , , 106461, False, 
> Task :function-client:javadocJar, 3.5942476029554364, , , , 93548, False, 
> Task :http-client-jdk:compileJava, 17.97123801477718, , , , 99880, False, 
> Task :http-client-jdk:classes, 3.595656442631573, , , , 99845, False, 
> Task :http-client-jdk:jar, 17.988848510728893, , , , 500437, False, 
> Task :http-netty:javadoc__dup_194, 3.591498597603809, , , , 100014, False, 
> Task :http-client:javadoc, 53.88019589190042, , , , 1699627, False, 
> Task :http-client:javadocJar, 17.985174120645205, , , , 399640, False, 
> Task :http-client:publishToMavenLocal, 17.957007951226696, , , , 199760, False, 
> Task :http-netty:publishToMavenLocal, 17.973628572581397, , , , 500279, False, 
> Task :http-client-jdk:javadoc, 17.956016672715933, , , , 705396, False, 
> Task :http-validation:jar, 17.999740804076147, , , , 794817, False, 
> Task :http-client-jdk:javadocJar, 3.598046948824253, , , , 99757, False, 
> Task :management:classes, 3.59773008015909, , , , 98444, False, 
> Task :management:jar, 17.98389737081801, , , , 603188, False, 
> Task :http-server-netty:compileJava, 34.78943724223936, , , , 1097289, False, 
> Task :http-tck:jar, 107.1614604638842, , , , 5599086, False, 
> Task :http-server:javadoc, 71.0530914194594, , , , 1999276, False, 
> Task :http-server-netty:classes, 10.78109500113488, , , , 299449, False, 
> Task :http-server:javadocJar, 3.589589137504656, , , , 100037, False, 
> Task :http-server-netty:jar, 53.89475167251975, , , , 1506359, False, 
> Task :http-tck:javadoc, 53.87915576218574, , , , 1694011, False, 
> Task :http-tck:javadocJar, 3.59961383750823, , , , 99911, False, 
> Task :http-tck:publishToMavenLocal, 3.6021769549412843, , , , 101774, False, 
> Task :http-client-tck:compileJava, 3.6047400723743377, , , , 96859, False, 
> Task :inject-kotlin-test:jar, 18.03651594903696, , , , 99876, False, 
> Task :http-client-tck:classes, 14.400950393759128, , , , 399874, False, 
> Task :http-client-tck:jar, 89.89551696386408, , , , 2100336, False, 
> Task :http-server-tck:compileJava, 17.968462258711625, , , , 700835, False, 
> Task :http-server-netty:javadoc, 16.030450893674363, , , , 598831, False, 
> Task :http-server-tck:jar, 17.478812585059817, , , , 1400351, False, 
> Task :http-server-netty:javadoc__dup_220, 52.18337604832635, , , , 1501082, False, 
> Task :inject-kotlin-test:javadoc, 3.5963091876752995, , , , 99070, False, 
> Task :http-client-tck:javadoc, 17.983509332964267, , , , 199031, False, 
> Task :inject-kotlin-test:publishToMavenLocal, 17.98706121929787, , , , 700498, False, 
> Task :http-server-netty:javadoc__dup_224, 35.87742654468025, , , , 1025083, False, 
> Task :http-client-tck:javadocJar, 17.995548172593832, , , , 374840, False, 
> Task :http-server-tck:javadoc, 71.9262346709131, , , , 2001222, False, 
> Task :http-server-netty:javadoc__dup_227, 7.180208914315955, , , , 198204, False, 
> Task :http-server-netty:publishMavenPublicationToMavenLocal, 3.5852214444264274, , , , 99324, False, 
> Task :router:publishToMavenLocal, 17.90983051302697, , , , 200105, False, 
> Task :management:javadoc, 16.477416421693242, , , , 1199683, False, 
> Task :management:javadocJar, 2.949196837924136, , , , 99870, False, 
> Task :management:generateMetadataFileForMavenPublication, 2.862625226320507, , , , 100003, False, 
> Task :http-server-tck:publishToMavenLocal, 32.141432844840914, , , , 899969, False, 
> Task :websocket:javadoc, 16.242005580743665, , , , 299887, False, 
> Task :websocket:javadocJar, 2.158574000760717, , , , 100001, False, 
> Task :websocket:publishToMavenLocal, 713.7024775331432, , , , 53484166, False, 
##[group]Run ./gradlew check --no-daemon --continue, 96630.15975394736, , , , 3802843509, True, [ant:checkstyle] [ERROR] /home/power/actions-runner/_work/micronaut-core/micronaut-core/http-client/src/main/java/io/micronaut/http/client/netty/ConnectionManager.java:470:66: '{' is not preceded with whitespace. [WhitespaceAround]
> Task :buildSrc:generatePluginAdapters UP-TO-DATE, 4.542955730970785, , , , 195497, False, 
> Task :buildSrc:compileJava UP-TO-DATE, 2.079532241650936, , , , 100420, False, 
> Task :buildSrc:jar UP-TO-DATE, 1066.6895040253664, , , , 53499614, False, 
> Task :aop:generateNativeImageProperties SKIPPED, 3.0919130987792247, , , , 99371, False, 
> Task :core-reactive:processResources UP-TO-DATE, 2.995521949472137, , , , 99322, False, 
> Task :core:classes UP-TO-DATE, 14.495654000825244, , , , 90594, False, 
> Task :core:generatePomFileForMavenPublication, 2.841736002665035, , , , 100523, False, 
> Task :core-processor:processResources UP-TO-DATE, 5.511287612830029, , , , 199111, False, 
> Task :inject:classes UP-TO-DATE, 2.6695516101649943, , , , 99718, False, 
> Task :json-core:generateNativeImageProperties SKIPPED, 13.0607840633249, , , , 97771, False, 
> Task :jackson-core:generateNativeImageProperties SKIPPED, 4.742561793548325, , , , 197560, False, 
> Task :websocket:processResources NO-SOURCE, 5.9094631108684, , , , 298502, False, 
> Task :router:generatePomFileForMavenPublication, 9.046185465144609, , , , 243, False, 
> Task :http-validation:generateNativeImageProperties SKIPPED, 1.9332619840918717, , , , 101709, False, 
> Task :aop:compileKotlin UP-TO-DATE, 2.057286875154821, , , , 97295, False, 
> Task :inject-java-test:processResources NO-SOURCE, 2.181311766217771, , , , 91462, False, 
> Task :aop:classes UP-TO-DATE, 2.305336657280721, , , , 99614, False, 
> Task :runtime:generateNativeImageProperties SKIPPED, 2.4293615483436706, , , , 98862, False, 
> Task :http-client:processResources UP-TO-DATE, 12.146807741718352, , , , 198768, False, 
> Task :aop:jar UP-TO-DATE, 2.497574375357486, , , , 99826, False, 
> Task :function:processResources NO-SOURCE, 2.520311984362091, , , , 99606, False, 
> Task :function-web:processTestResources, 2.543049593366696, , , , 95622, False, 
> Task :aop:compileTestKotlin NO-SOURCE, 12.71524796683348, , , , 200024, False, 
> Task :http-client-jdk:generateNativeImageProperties SKIPPED, 5.000857437143013, , , , 199240, False, 
> Task :http-client-tck:processResources NO-SOURCE, 2.482162629373568, , , , 96889, False, 
> Task :retry:classes UP-TO-DATE, 12.41081314686784, , , , 97825, False, 
> Task :inject-groovy-test:generatePomFileForMavenPublication, 2.630595461375386, , , , 94948, False, 
> Task :inject-groovy:processTestResources, 14.26622354689056, , , , 499555, False, 
> Task :context-propagation:compileKotlin NO-SOURCE__dup_266, 6.202856270223463, , , , 199901, False, 
> Task :context-propagation:jar UP-TO-DATE, 16.038962302130695, , , , 199626, False, 
> Task :http:compileKotlin UP-TO-DATE, 6.566818067239356, , , , 200703, False, 
> Task :jackson-databind:jar UP-TO-DATE, 3.3287789775358005, , , , 97969, False, 
> Task :router:compileJava UP-TO-DATE, 3.3590256068132165, , , , 100402, False, 
> Task :websocket:jar UP-TO-DATE, 16.79512803406608, , , , 99123, False, 
> Task :http-validation:classes UP-TO-DATE, 3.443292279790111, , , , 106965, False, 
> Task :aop:compileTestJava NO-SOURCE, 255.52675903391847, , , , 12991845, False, 
> Task :aop:compileTestGroovy, 14.46249439130632, , , , 599023, False, 
> Task :aop:testClasses, 14.996713426989048, , , , 599784, False, 
> Task :inject-test-utils:compileGroovy, 27.55035310019908, , , , 2499987, False, 
> Task :inject-java-helper:compileJava, 2.6388056176848025, , , , 99223, False, 
> Task :buffer-netty:test NO-SOURCE, 13.23360622510914, , , , 99276, False, 
> Task :benchmarks:compileJava NO-SOURCE, 4.094380872163305, , , , 160273, False, 
> Task :core:compileTestJava NO-SOURCE, 3.2414260761062104, , , , 737743, False, 
> Task :aop:test, 266.16631514571725, , , , 7600091, False, 
> Task :core-processor:test NO-SOURCE, 3.59054053495242, , , , 99713, False, 
> Task :core-reactive:compileTestJava NO-SOURCE, 107.67522062565692, , , , 3200351, False, 
> Task :context:compileTestGroovy, 88.85278210967422, , , , 4200426, False, 
> Task :context:testClasses, 18.03181979190369, , , , 499261, False, 
> Task :context-propagation:kaptGenerateStubsTestKotlin, 52.04515615673312, , , , 1499983, False, 
> Task :context:test, 54.2225385316174, , , , 1300068, False, 
> Task :core-reactive:testClasses, 16.814521028180984, , , , 599826, False, 
> Task :core:testClasses, 50.527825623253776, , , , 1299914, False, 
> Task :core-reactive:test, 286.50317353956865, , , , 8006263, False, 
> Task :context:test__dup_291, 109.40835960642512, , , , 3203575, False, 
> Task :core:test, 3.665459249863604, , , , 87444, False, 
> Task :discovery-core:test NO-SOURCE, 18.32729624931802, , , , 99887, False, 
> Task :function:compileTestJava NO-SOURCE, 36.05192811312898, , , , 1199699, False, 
> Task :context:test__dup_295, 14.395698692013232, , , , 400376, False, 
> Task :context-propagation:compileTestKotlin, 7.204712046255506, , , , 199600, False, 
> Task :context-propagation:compileTestJava NO-SOURCE, 54.02615122550045, , , , 1199997, False, 
> Task :core:test__dup_298, 230.72867906688617, , , , 6900099, False, 
> Task :context:test__dup_299, 568.7930154223963, , , , 21899830, False, 
> Task :context-propagation:compileTestGroovy, 60.73035585503669, , , , 1899875, False, 
> Task :context:test__dup_301, 15.52716352014344, , , , 603165, False, 
> Task :core:test__dup_302, 166.81488136370032, , , , 6089476, False, 
> Task :graal:compileTestJava NO-SOURCE, 371.6889528272409, , , , 15402069, False, 
> Task :graal:testClasses, 13.126730948385411, , , , 1999951, False, 
> Task :graal:test, 3.464462542811096, , , , 100039, False, 
> Task :function-web:compileTestJava, 35.777697923802485, , , , 1699979, False, 
> Task :context:test__dup_307, 71.40345438684749, , , , 2400238, False, 
> Task :http:compileTestKotlin NO-SOURCE, 193.72834064065756, , , , 6799783, False, 
> Task :context-propagation:test, 69.82779719368202, , , , 2300566, False, 
> Task :graal:test__dup_310, 140.42177958896656, , , , 4799263, False, 
> Task :function-web:test, 89.49420439998549, , , , 4499973, False, 
> Task :context-propagation:test__dup_312, 696.8093755240284, , , , 19900159, False, 
> Task :function-web:test__dup_313, 3.4860772846049466, , , , 99660, False, 
> Task :http-client-core:compileTestJava NO-SOURCE, 6.872308433879638, , , , 199980, False, 
> Task :http-client:compileTestJava, 16.931155746373456, , , , 400030, False, 
> Task :http-client-jdk:classes UP-TO-DATE, 3.318173696415576, , , , 99806, False, 
> Task :http-client-jdk:compileTestJava NO-SOURCE, 70.07328598281873, , , , 1999858, False, 
> Task :http:testClasses, 71.28272113078745, , , , 2001013, False, 
> Task :http:test, 107.05151904973846, , , , 3098972, False, 
> Task :http-client-core:testClasses, 71.51153716638802, , , , 1999885, False, 
> Task :http-client-core:test, 179.08151762641376, , , , 4700916, False, 
> Task :http:test__dup_322, 250.66314682982227, , , , 7684885, False, 
> Task :http-client-jdk:test, 3.5731109408741637, , , , 56597, False, 
> Task :http-tck:classes UP-TO-DATE, 17.86555470437082, , , , 99865, False, 
> Task :http-client-tck:compileJava UP-TO-DATE, 3.5811962299543003, , , , 99897, False, 
> Task :http-client-tck:classes UP-TO-DATE, 7.174520393528805, , , , 199928, False, 
> Task :http-netty:compileTestJava NO-SOURCE, 53.76966311582304, , , , 1406464, False, 
> Task :http:test__dup_328, 213.9846806878351, , , , 6093130, False, 
> Task :http-client:compileTestGroovy, 15.818000428894653, , , , 299995, False, 
> Task :http-netty:testClasses, 44.15988278891931, , , , 1800515, False, 
> Task :http-client:compileTestGroovy__dup_331, 61.75161772973909, , , , 1702067, False, 
> Task :http-netty:test, 264.2938041405263, , , , 8597384, False, 
> Task :http-client:testClasses, 71.4304911002422, , , , 2000217, False, 
> Task :http-client:test, 268.7635015337474, , , , 7701995, False, 
> Task :http-client-jdk:test__dup_335, 378.5877387459584, , , , 11797958, False, 
> Task :http-netty:test__dup_336, 378.8592617344182, , , , 10502469, False, 
> Task :http-client:test__dup_337, 108.64401306263406, , , , 3199835, False, 
> Task :http:test__dup_338, 18.12437195439508, , , , 999515, False, 
> Task :http:test__dup_339, 36.2478978767992, , , , 1071319, False, 
> Task :http-client:test__dup_340, 292.04116074513394, , , , 8226666, False, 
> Task :http-server:testClasses, 54.33491989277008, , , , 1799939, False, 
> Task :http-client:test__dup_342, 270.9911874024368, , , , 7700053, False, 
> Task :http-client-jdk:test__dup_343, 10.868628619549572, , , , 300022, False, 
> Task :http-server:test, 33.84750891346591, , , , 699890, False, 
> Task :http-server-netty:compileTestJava NO-SOURCE, 46.02190089415231, , , , 1600275, False, 
> Task :http-client:test__dup_346, 92.8038397643098, , , , 3099755, False, 
> Task :http-netty:test__dup_347, 785.1304190497963, , , , 24400195, False, 
> Task :http-client-jdk:test__dup_348, 35.749485237719426, , , , 899798, False, 
> Task :http-server-netty:compileTestGroovy, 53.503779912203015, , , , 2700651, False, 
> Task :http-client:test__dup_350, 498.318436163345, , , , 15799465, False, 
> Task :http-netty:test__dup_351, 183.25081223104536, , , , 5502349, False, 
> Task :http-client:test__dup_352, 917.0378237482488, , , , 29997613, False, 
> Task :http-server-netty:test, 840.7325947494382, , , , 26281438, False, 
> Task :http-client:test__dup_354, 126.76350396350011, , , , 3813312, False, 
> Task :http-netty:test__dup_355, 519.3428150755361, , , , 14686666, False, 
> Task :http-client-jdk:test__dup_356, 397.8715070269138, , , , 11299975, False, 
> Task :http-server-netty:test__dup_357, 18.1035542311236, , , , 301108, False, 
> Task :http-client:test__dup_358, 282.01233206483755, , , , 8298938, False, 
> Task :http-netty:test__dup_359, 449.9483618883559, , , , 15801570, False, 
> Task :http-client-jdk:test__dup_360, 160.2387253488402, , , , 5700368, False, 
> Task :http-server-netty:test__dup_361, 90.23996369056051, , , , 2298020, False, 
> Task :http-client:test__dup_362, 766.3042734439146, , , , 22400603, False, 
> Task :http-client-jdk:test__dup_363, 215.9715335040216, , , , 6314952, False, 
> Task :http-server-netty:test__dup_364, 305.51175634103475, , , , 8384453, False, 
> Task :http-netty:test__dup_365, 467.792564313788, , , , 14100179, False, 
> Task :http-client:test__dup_366, 270.85257633343343, , , , 7399931, False, 
> Task :http-client-jdk:test__dup_367, 250.72426330810632, , , , 8203709, False, 
> Task :http-server-netty:test__dup_368, 53.662996958472846, , , , 1335104, False, 
> Task :http-netty:test__dup_369, 35.76621705233964, , , , 1261747, False, 
> Task :http-client:test__dup_370, 17.88668823403045, , , , 201939, False, 
> Task :management:classes UP-TO-DATE, 3.5761951729053902, , , , 111524, False, 
> Task :management:jar UP-TO-DATE, 3.5756239359550395, , , , 87211, False, 
> Task :http-server-tck:classes UP-TO-DATE, 3.57505269900469, , , , 98345, False, 
> Task :http-validation:compileTestJava NO-SOURCE, 53.6422777574581, , , , 1099258, False, 
> Task :http-server-netty:test__dup_375, 321.76436131745817, , , , 9200322, False, 
> Task :http-validation:testClasses, 7.151074602390018, , , , 199518, False, 
> Task :inject-test-utils:generateNativeImageProperties SKIPPED, 3.57578840224938, , , , 101268, False, 
> Task :inject-test-utils:classes, 17.8789420112469, , , , 298607, False, 
> Task :inject-test-utils:jar, 35.74703622297266, , , , 1400031, False, 
> Task :http-server-netty:test__dup_380, 804.8669274122135, , , , 27999968, False, 
> Task :http-validation:test, 17.899964156123367, , , , 600932, False, 
> Task :inject:compileTestJava, 339.8574370251848, , , , 9899073, False, 
> Task :http-client:test__dup_383, 608.0122980519396, , , , 18809779, False, 
> Task :http-server-netty:test__dup_384, 35.77725884358024, , , , 690297, False, 
> Task :http-validation:test__dup_385, 429.31760367383913, , , , 12000173, False, 
> Task :http-client:test__dup_386, 17.879729579146886, , , , 499934, False, 
> Task :http-server-netty:test__dup_387, 924.5527611204734, , , , 29999649, False, 
> Task :inject-groovy:compileTestGroovy, 107.27825848450692, , , , 4199725, False, 
> Task :http-server-netty:test__dup_389, 518.6005348217628, , , , 15205376, False, 
> Task :http-client:test__dup_390, 17.90893024142864, , , , 701923, False, 
> Task :inject:test, 3.5815077484040727, , , , 91943, False, 
> Task :inject-java-helper2:jar, 17.901972744387272, , , , 705237, False, 
> Task :http-server-netty:test__dup_393, 357.5560178799069, , , , 11494768, False, 
> Task :inject:test__dup_394, 572.1742182419543, , , , 17799039, False, 
> Task :inject-java:compileTestJava, 411.2219436272384, , , , 11817932, False, 
> Task :http-server-netty:test__dup_396, 17.86887846471739, , , , 382100, False, 
> Task :inject-groovy:test, 1037.292256268278, , , , 29701255, False, 
> Task :http-server-netty:test__dup_398, 1019.5647528018304, , , , 29898674, False, 
> Task :inject-groovy:test__dup_399, 715.2197353788011, , , , 20708187, False, 
> Task :http-server-netty:test__dup_400, 876.1721486956873, , , , 25293424, False, 
> Task :inject-groovy:test__dup_401, 912.044413749738, , , , 29798745, False, 
> Task :http-server-netty:test__dup_402, 572.4046704148273, , , , 20299681, False, 
> Task :inject-java:compileTestGroovy, 321.850533932606, , , , 9700281, False, 
> Task :inject-groovy:test__dup_404, 214.54367951490468, , , , 5999728, False, 
> Task :inject-java-helper2:test NO-SOURCE, 53.66155860173947, , , , 1801892, False, 
> Task :inject-groovy:test__dup_406, 35.76303894755385, , , , 897149, False, 
> Task :http-server-netty:test__dup_407, 232.40035670122975, , , , 7605994, False, 
> Task :inject-groovy:test__dup_408, 429.1309022362296, , , , 12394270, False, 
> Task :inject-java:compileTestGroovy__dup_409, 464.9357762969617, , , , 12799630, False, 
> Task :http-server-netty:test__dup_410, 143.1244749451198, , , , 4799981, False, 
> Task :inject-java-test:compileTestGroovy, 35.6934772963843, , , , 700550, False, 
> Task :inject-groovy:test__dup_412, 7.1560083451179946, , , , 203508, False, 
> Task :inject-java-test:testClasses, 71.53159279887441, , , , 1995837, False, 
> Task :inject-java-test:test, 375.6603766398061, , , , 10600025, False, 
> Task :inject-groovy:test__dup_415, 590.2282473484843, , , , 19401953, False, 
> Task :inject-java-test:test__dup_416, 375.6988938149929, , , , 10597922, False, 
> Task :inject-java:test, 429.3598796256584, , , , 12599951, False, 
> Task :http-server-netty:test__dup_418, 608.0292915023274, , , , 17200422, False, 
> Task :inject-java-test:test__dup_419, 411.4171824146118, , , , 12400311, False, 
> Task :inject-java:test__dup_420, 143.1251723793954, , , , 3699627, False, 
> Task :http-server-netty:test__dup_421, 250.4761842490614, , , , 11399726, False, 
> Task :inject-groovy:test__dup_422, 661.7326517447287, , , , 18500341, False, 
> Task :inject-java:test__dup_423, 375.3636837866422, , , , 11300158, False, 
> Task :http-server-netty:test__dup_424, 143.06883258344564, , , , 4199436, False, 
> Task :inject-java-test:test__dup_425, 518.7446287881543, , , , 14400686, False, 
> Task :inject-groovy:test__dup_426, 393.4290060731632, , , , 11400147, False, 
> Task :inject-java:test__dup_427, 125.19648289298108, , , , 3399796, False, 
> Task :http-server-netty:test__dup_428, 1055.032510576279, , , , 29800120, False, 
> Task :inject-java:test__dup_429, 196.68080754587288, , , , 5699246, False, 
> Task :inject-groovy:test__dup_430, 822.5309018907918, , , , 24016415, False, 
> Task :http-server-netty:test__dup_431, 210.5472437705029, , , , 5697634, False, 
> Task :inject-java:test__dup_432, 881.2341274761314, , , , 29186130, False, 
> Task :http-server-netty:test__dup_433, 1010.1584326127968, , , , 29600215, False, 
> Task :inject-java:test__dup_434, 1137.6905373572724, , , , 32300097, False, 
> Task :inject-kotlin:checkKotlinGradlePluginConfigurationErrors, 72.2259733274139, , , , 1999471, False, 
> Task :inject-java:test__dup_436, 758.6805977179212, , , , 22900040, False, 
> Task :http-server-netty:test__dup_437, 198.75930745580865, , , , 5299981, False, 
> Task :inject-kotlin:compileKotlin__dup_438, 794.6046041020847, , , , 24599984, False, 
> Task :inject-java:test__dup_439, 7.228467084878804, , , , 199976, False, 
> Task :http-server-netty:test__dup_440, 596.0906260922485, , , , 18200498, False, 
> Task :inject-java:test__dup_441, 18.055763792419786, , , , 99372, False, 
> Task :inject-kotlin-test:processResources UP-TO-DATE, 18.064590518794702, , , , 800015, False, 
> Task :inject-test-utils:test NO-SOURCE, 3.612192997431776, , , , 99353, False, 
> Task :jackson-core:compileTestJava NO-SOURCE, 54.19528806861553, , , , 1101398, False, 
> Task :inject-java:test__dup_445, 361.1638923287149, , , , 11798911, False, 
> Task :jackson-core:testClasses, 72.21152164159852, , , , 1999573, False, 
> Task :inject-java:test__dup_447, 3.611520350999776, , , , 99938, False, 
> Task :http-server-netty:test__dup_448, 921.1182729285056, , , , 27910588, False, 
> Task :jackson-core:test, 54.181831063350224, , , , 2095402, False, 
> Task :inject-java:test__dup_450, 36.139089187008246, , , , 1094162, False, 
> Task :http-server-netty:test__dup_451, 216.68212164925623, , , , 8500071, False, 
> Task :inject-java:test__dup_452, 18.08169873126089, , , , 113678, False, 
> Task :jackson-core:test__dup_453, 18.057462910125768, , , , 485558, False, 
> Task :inject-kotlin:jar UP-TO-DATE, 36.0805088499255, , , , 999889, False, 
> Task :inject-kotlin-test:compileJava NO-SOURCE__dup_455, 7.215657172146733, , , , 200128, False, 
> Task :inject-kotlin-test:jar UP-TO-DATE, 18.06620412486276, , , , 299539, False, 
> Task :inject-java:test__dup_457, 54.19488289197805, , , , 2399992, False, 
> Task :inject-kotlin-test:compileTestJava NO-SOURCE, 54.191665813195215, , , , 1500076, False, 
> Task :inject-java:test__dup_459, 270.8429119421335, , , , 7099815, False, 
> Task :inject-kotlin-test:testClasses, 18.05128270928462, , , , 999909, False, 
> Task :inject-java:test__dup_461, 578.1035786249728, , , , 17800079, False, 
> Task :inject-kotlin:kspTestKotlin, 379.2478336255548, , , , 11199959, False, 
> Task :inject-kotlin-test:test, 72.28789129772012, , , , 3700067, False, 
> Task :http-server-netty:test__dup_464, 72.23989625028022, , , , 2200208, False, 
> Task :inject-java:test__dup_465, 3.611887065365772, , , , 99694, False, 
> Task :inject-kotlin-test:test__dup_466, 234.67388193304663, , , , 6504902, False, 
> Task :inject-java:test__dup_467, 17.125153002319387, , , , 95984, False, 
> Task :json-core:compileTestJava NO-SOURCE, 72.22750288551627, , , , 1999191, False, 
> Task :inject-java:test__dup_469, 234.8184798556593, , , , 7699780, False, 
> Task :json-core:testClasses, 72.26116180709762, , , , 1899859, False, 
> Task :inject-java:test__dup_471, 270.8028377042857, , , , 8399982, False, 
> Task :json-core:test, 18.05594454385266, , , , 99872, False, 
> Task :jackson-databind:testClasses, 72.23303073365574, , , , 1999939, False, 
> Task :jackson-databind:test, 72.26522000244722, , , , 3800130, False, 
> Task :management:compileTestJava NO-SOURCE, 162.57187022957044, , , , 5290256, False, 
> Task :inject-java:test__dup_476, 451.3185649874517, , , , 13791931, False, 
> Task :jackson-databind:test__dup_477, 18.08057978994292, , , , 399271, False, 
> Task :messaging:generateNativeImageProperties SKIPPED, 3.597851999601971, , , , 99759, False, 
> Task :messaging:classes UP-TO-DATE, 17.96643005002659, , , , 99831, False, 
> Task :messaging:generatePomFileForMavenPublication, 10.6191432036914, , , , 301051, False, 
> Task :management:processTestResources, 3.4861427924556154, , , , 98892, False, 
> Task :messaging:compileTestJava NO-SOURCE, 3.45935698806819, , , , 99939, False, 
> Task :inject-java:test__dup_483, 179.14548474331477, , , , 5099948, False, 
> Task :management:test, 325.0792042725583, , , , 9299805, False, 
> Task :inject-kotlin:kspTestKotlin__dup_485, 36.12943782738213, , , , 1000433, False, 
> Task :inject-java:test__dup_486, 126.45221299515882, , , , 4300106, False, 
> Task :management:test__dup_487, 10.834261649206423, , , , 298267, False, 
> Task :inject-kotlin:processTestResources, 54.162848257098425, , , , 1100020, False, 
> Task :inject-java:test__dup_489, 126.3179504764934, , , , 3500105, False, 
> Task :management:test__dup_490, 10.829831408927925, , , , 299887, False, 
> Task :router:compileTestJava NO-SOURCE, 18.0547827982276, , , , 599929, False, 
> Task :retry:compileTestJava, 53.91020884434343, , , , 1200069, False, 
> Task :management:test__dup_493, 214.7838211816674, , , , 6707360, False, 
> Task :router:compileTestGroovy, 3.5762855663190454, , , , 92559, False, 
> Task :router:testClasses, 53.66353187408075, , , , 1499984, False, 
> Task :management:test__dup_496, 53.76779047622645, , , , 1500026, False, 
> Task :router:test, 143.53871303467488, , , , 3900008, False, 
> Task :management:test__dup_498, 322.90221324308743, , , , 8993394, False, 
> Task :router:test__dup_499, 3.5791264385247032, , , , 100073, False, 
> Task :retry:test, 3.5778648846035312, , , , 100063, False, 
> Task :inject-kotlin:compileTestJava, 71.44021664925697, , , , 1899979, False, 
> Task :router:test__dup_502, 35.7574444024727, , , , 799740, False, 
> Task :retry:test__dup_503, 35.79970801815716, , , , 1200050, False, 
> Task :runtime-osx:classes UP-TO-DATE, 3.585801581316642, , , , 99707, False, 
> Task :runtime-osx:generatePomFileForMavenPublication, 17.92900790658321, , , , 100000, False, 
> Task :runtime-osx:test NO-SOURCE, 89.66373996045898, , , , 3199654, False, 
> Task :retry:test__dup_507, 71.55983579690874, , , , 2302890, False, 
> Task :test-suite:generateNativeImageProperties SKIPPED, 17.880935879354293, , , , 497061, False, 
> Task :test-suite:jar, 3.5760540662014946, , , , 99750, False, 
> Task :test-suite:compileTestFixturesJava NO-SOURCE, 3.575987511366812, , , , 99998, False, 
> Task :retry:test__dup_511, 35.77992362025658, , , , 1200142, False, 
> Task :test-suite-helper:generateNativeImageProperties SKIPPED, 17.913265819721797, , , , 99697, False, 
> Task :test-suite-helper:jar, 10.754433100038836, , , , 299897, False, 
> Task :test-suite-geb:jar, 3.586249612947558, , , , 99569, False, 
> Task :test-suite-geb:testFixturesJar, 17.93124806473779, , , , 99585, False, 
> Task :runtime:testClasses, 52.76368346816837, , , , 2000252, False, 
> Task :runtime:test, 107.61668598435332, , , , 2999580, False, 
> Task :test-suite:compileTestFixturesGroovy, 3.5865913961057507, , , , 100013, False, 
> Task :test-suite:testFixturesJar, 89.74369115515232, , , , 2599846, False, 
> Task :test-suite-geb:compileTestGroovy, 3.5877809172440926, , , , 100004, False, 
> Task :test-suite-geb:testClasses, 53.952278689611504, , , , 1199858, False, 
> Task :inject-kotlin:testClasses, 17.916554231838646, , , , 701431, False, 
> Task :test-suite-geb:test, 664.2610741369274, , , , 22398612, False, 
> Task :runtime:test__dup_524, 107.74809711739942, , , , 3000300, False, 
> Task :test-suite:compileTestJava, 89.66291282425422, , , , 3899597, False, 
> Task :inject-kotlin:test, 465.313227133346, , , , 16103661, False, 
> Task :runtime:test__dup_527, 7.184362609437723, , , , 196719, False, 
> Task :test-suite:compileTestJava__dup_528, 3.5956155976663955, , , , 98965, False, 
> Task :test-suite-groovy:compileTestJava NO-SOURCE, 233.3170651837596, , , , 6299949, False, 
> Task :inject-kotlin:test__dup_530, 844.0276672269036, , , , 23700023, False, 
> Task :test-suite-groovy:compileTestGroovy, 412.4239131952135, , , , 14020802, False, 
> Task :inject-kotlin:test__dup_532, 17.945732249798937, , , , 379244, False, 
> Task :test-suite-groovy:testClasses, 53.8193850563338, , , , 1599820, False, 
> Task :inject-kotlin:test__dup_534, 899.8399962624582, , , , 28700664, False, 
> Task :test-suite-groovy:test, 179.60166263860418, , , , 6999538, False, 
> Task :test-suite:compileTestGroovy, 597.7398190793388, , , , 23000520, False, 
> Task :inject-kotlin:test__dup_537, 371.0855985148072, , , , 13300062, False, 
> Task :test-suite:compileTestGroovy__dup_538, 399.0362181886693, , , , 19299282, False, 
> Task :inject-kotlin:test__dup_539, 8.96110792226444, , , , 699913, False, 
> Task :test-suite:testClasses, 50.29605270310548, , , , 2900068, False, 
> Task :inject-kotlin:test__dup_541, 748.5289502999447, , , , 27199894, False, 
> Task :test-suite:test, 878.8259944060926, , , , 86100081, False, 
> Task :inject-kotlin:test__dup_543, 7829.756117327015, , , , 341570963, False, 
> Task :test-suite-groovy:test__dup_544, 1594.2146430360667, , , , 62528969, False, 
> Task :inject-kotlin:test__dup_545, 509.9850330107925, , , , 22499993, False, 
> Task :test-suite:test__dup_546, 317.5568773373433, , , , 17300166, False, 
> Task :test-suite-helper:compileTestJava NO-SOURCE, 17.600620699875655, , , , 4099971, False, 
> Task :test-suite-helper:compileTestGroovy NO-SOURCE, 14.823340210570604, , , , 1799957, False, 
> Task :test-suite-helper:processTestResources NO-SOURCE, 0.0, , , , 199974, False, 
> Task :test-suite-helper:testClasses UP-TO-DATE, 34.018206348426126, , , , 2399986, False, 
> Task :test-suite-helper:test NO-SOURCE, 13.68439330576409, , , , 499964, False, 
> Task :test-suite-groovy:test__dup_552, 151.6782700587358, , , , 8800336, False, 
> Task :test-suite-http-client-jdk-ssl:compileJava NO-SOURCE, 31.96298915577472, , , , 1099643, False, 
> Task :test-suite-http-client-jdk-ssl:compileGroovy NO-SOURCE, 17.88927139355304, , , , 402781, False, 
> Task :test-suite-http-client-jdk-ssl:generateNativeImageProperties SKIPPED, 6.698363881133889, , , , 197293, False, 
> Task :test-suite-http-client-jdk-ssl:classes UP-TO-DATE, 16.61886951497713, , , , 299807, False, 
> Task :test-suite-groovy:test__dup_557, 85.05449392432558, , , , 2734110, False, 
> Task :inject-kotlin:test__dup_558, 166.8780686875562, , , , 9866079, False, 
> Task :test-suite-groovy:test__dup_559, 598.9463760451279, , , , 20199675, False, 
> Task :inject-kotlin:test__dup_560, 262.84390979891174, , , , 9919126, False, 
> Task :test-suite-http-client-jdk-ssl:compileTestGroovy, 238.1647704562089, , , , 19881153, False, 
> Task :test-suite-groovy:test__dup_562, 475.8540495919551, , , , 22499821, False, 
> Task :test-suite-http-client-tck-jdk:compileJava NO-SOURCE, 15.901305810176751, , , , 499839, False, 
> Task :test-suite-http-client-tck-jdk:compileGroovy NO-SOURCE, 9.741280337964495, , , , 306047, False, 
> Task :test-suite-http-client-tck-jdk:classes UP-TO-DATE, 838.371642090813, , , , 30193708, False, 
> Task :test-suite-http-client-tck-jdk:compileTestJava, 449.6176002582434, , , , 13499965, False, 
> Task :test-suite-http-client-jdk-ssl:testClasses, 73.5641357122208, , , , 2099887, False, 
> Task :test-suite-http-client-jdk-ssl:test, 336.43659588434207, , , , 11000028, False, 
> Task :test-suite:test__dup_569, 318.439053180847, , , , 10400074, False, 
> Task :test-suite-http-client-jdk-ssl:test__dup_570, 10.598992807797954, , , , 299792, False, 
> Task :test-suite-http-client-tck-jdk:testClasses, 174.6534270766539, , , , 5301190, False, 
> Task :test-suite-http-client-jdk-ssl:test__dup_572, 10.65154404448588, , , , 298664, False, 
> Task :test-suite:test__dup_573, 17.765105874028702, , , , 499983, False, 
> Task :test-suite-http-client-tck-jdk:test, 3.543580709570353, , , , 99871, False, 
> Task :test-suite-http-client-tck-netty:compileGroovy NO-SOURCE, 3.542007298697789, , , , 99984, False, 
> Task :test-suite-http-client-tck-netty:classes UP-TO-DATE, 176.84157527659502, , , , 6799691, False, 
> Task :test-suite-http-client-tck-netty:compileTestJava, 17.678999932662876, , , , 100006, False, 
> Task :test-suite-http-client-tck-netty:compileTestGroovy NO-SOURCE, 10.625029640599204, , , , 300021, False, 
> Task :test-suite-http-client-tck-netty:testClasses, 88.66716142745324, , , , 2199949, False, 
> Task :test-suite-http-client-tck-netty:test, 621.823251087083, , , , 19900274, False, 
> Task :test-suite:test__dup_581, 17.776553349825218, , , , 499737, False, 
> Task :test-suite-http-client-tck-jdk:test__dup_582, 265.83384532844354, , , , 7700346, False, 
> Task :inject-kotlin:test__dup_583, 425.3563850124879, , , , 12600032, False, 
> Task :test-suite:test__dup_584, 235.6059211867719, , , , 6703700, False, 
> Task :test-suite-http-client-tck-netty:test__dup_585, 559.5870390623145, , , , 17584261, False, 
> Task :test-suite:test__dup_586, 224.8907511762204, , , , 7600055, False, 
> Task :test-suite-http-server-tck-jdk:compileTestJava, 216.95366542155057, , , , 10623287, False, 
> Task :test-suite-http-server-tck-netty:compileJava NO-SOURCE, 27.09896567767733, , , , 1176788, False, 
> Task :test-suite-http-server-tck-netty:classes UP-TO-DATE, 822.0782690181528, , , , 33399718, False, 
> Task :test-suite-http-server-tck-netty:compileTestJava, 24.412129596320558, , , , 999981, False, 
> Task :test-suite:test__dup_591, 576.8339164786101, , , , 18400941, False, 
> Task :test-suite-http-server-tck-jdk:compileTestGroovy NO-SOURCE, 17.701118970494274, , , , 399067, False, 
> Task :test-suite-http-server-tck-jdk:testClasses, 51.97863632161463, , , , 1497814, False, 
> Task :test-suite:test__dup_594, 940.062239938451, , , , 28599921, False, 
> Task :test-suite-http-server-tck-jdk:test, 710.6339382014584, , , , 23114014, False, 
> Task :inject-kotlin:test__dup_596, 50.79478029770233, , , , 1383098, False, 
> Task :test-suite:test__dup_597, 89.37852909613193, , , , 5503026, False, 
> Task :test-suite-http-server-tck-jdk:test__dup_598, 1494.0017115006306, , , , 47400023, False, 
> Task :inject-kotlin:test__dup_599, 117.6736004138611, , , , 8800069, False, 
> Task :test-suite-http2-server-tck-netty:compileJava NO-SOURCE, 1.4575003780220954, , , , 99905, False, 
> Task :test-suite-http2-server-tck-netty:classes UP-TO-DATE, 179.61464662785892, , , , 22199629, False, 
> Task :inject-kotlin:test FAILED, 70.94168738389709, , , , 6900220, False, 
> Task :test-suite-jakarta-inject-bean-import:compileJava NO-SOURCE, 0.0, , , , 199940, False, 
> Task :test-suite-jakarta-inject-bean-import:generateNativeImageProperties SKIPPED, 0.66387429647815, , , , 99796, False, 
> Task :test-suite-jakarta-inject-bean-import:classes UP-TO-DATE, 8.298428705976875, , , , 699711, False, 
> Task :test-suite-http2-server-tck-netty:compileTestJava, 375.96755939265626, , , , 16399950, False, 
> Task :test-suite:test__dup_607, 21.213055123773927, , , , 4300001, False, 
> Task :test-suite-jakarta-inject-bean-import:compileTestJava, 379.4645290427061, , , , 25900171, False, 
> Task :test-suite:test__dup_609, 72.42181118200362, , , , 2499824, False, 
> Task :test-suite-jakarta-inject-bean-import:compileTestGroovy, 6.634068908038674, , , , 200017, False, 
> Task :test-suite-jakarta-inject-bean-import:testClasses, 64.83932329708388, , , , 5899691, False, 
> Task :test-suite-jakarta-inject-bean-import:test, 23.124795636931324, , , , 1099911, False, 
> Task :test-suite:test FAILED, 132.50509513294878, , , , 5400023, False, 
> Task :test-suite-jakarta-inject-bean-import:test__dup_614, 1.3705719992235337, , , , 100291, False, 
> Task :test-suite-javax-inject:compileJava NO-SOURCE, 4.108763143623111, , , , 599800, False, 
> Task :test-suite-javax-inject:compileGroovy NO-SOURCE, 1.8020406794144013, , , , 200025, False, 
> Task :test-suite-javax-inject:classes UP-TO-DATE, 44.5321619952374, , , , 4599677, False, 
> Task :test-suite-kotlin:checkKotlinGradlePluginConfigurationErrors, 131.96296321154708, , , , 9399911, False, 
> Task :test-suite-javax-inject:compileTestJava, 90.77525038240915, , , , 5899989, False, 
> Task :test-suite-javax-inject:compileTestGroovy, 6.219100305494643, , , , 599966, False, 
> Task :test-suite-javax-inject:testClasses, 33.48572428274381, , , , 2299877, False, 
> Task :test-suite-javax-inject:test, 172.26100892875166, , , , 17400010, False, 
> Task :test-suite-kotlin:kaptGenerateStubsKotlin, 444.3870619664066, , , , 36999876, False, 
> Task :test-suite-http-server-tck-netty:testClasses, 62.02524160369703, , , , 2002056, False, 
> Task :test-suite-javax-inject:test__dup_625, 3.2935707249609365, , , , 105029, False, 
> Task :test-suite-http2-server-tck-netty:testClasses, 34.43154191827227, , , , 1192730, False, 
> Task :test-suite-javax-inject:test__dup_627, 21.42345455325107, , , , 2900303, False, 
> Task :test-suite-kotlin-ksp:checkKotlinGradlePluginConfigurationErrors, 36.68928111763786, , , , 3499781, False, 
> Task :test-suite-kotlin:kaptKotlin SKIPPED, 5.589831158662738, , , , 199875, False, 
> Task :test-suite-kotlin-ksp:compileKotlin NO-SOURCE, 6.391775334920869, , , , 500110, False, 
> Task :test-suite-kotlin-ksp:compileGroovy NO-SOURCE, 1.356934900675757, , , , 99843, False, 
> Task :test-suite-kotlin-ksp:generateNativeImageProperties SKIPPED, 1.3962248175215488, , , , 99981, False, 
> Task :test-suite-kotlin-ksp:processResources NO-SOURCE, 1.4355147343673405, , , , 99946, False, 
> Task :test-suite-kotlin:compileJava NO-SOURCE, 7.37402325606566, , , , 99668, False, 
> Task :test-suite-kotlin:compileGroovy NO-SOURCE, 1.4308276742186945, , , , 99989, False, 
> Task :test-suite-kotlin:classes UP-TO-DATE, 234.87780169032237, , , , 19599875, False, 
> Task :test-suite-http-server-tck-netty:test, 23.861623649850344, , , , 1599900, False, 
> Task :test-suite-http2-server-tck-netty:test, 107.52468444959489, , , , 8901094, False, 
> Task :test-suite-kotlin:kaptGenerateStubsTestKotlin, 17.383820445973203, , , , 798771, False, 
> Task :test-suite-kotlin-ksp:kspTestKotlin, 366.7348452313864, , , , 16600055, False, 
> Task :test-suite-kotlin:processTestResources, 25.17815122403635, , , , 600066, False, 
> Task :test-suite-logback:compileJava NO-SOURCE, 7.379307559633522, , , , 299876, False, 
> Task :test-suite-logback:classes UP-TO-DATE, 53.36005762516744, , , , 2493470, False, 
> Task :test-suite-logback:compileTestJava, 50.76911737578608, , , , 1900006, False, 
> Task :test-suite-logback:compileTestGroovy, 6.712729081612247, , , , 200017, False, 
> Task :test-suite-logback:testClasses, 84.13371845670002, , , , 2099876, False, 
> Task :test-suite-logback:test, 164.84276569942492, , , , 5900170, False, 
> Task :test-suite-logback-external-configuration:compileJava NO-SOURCE, 8.925641010107917, , , , 199966, False, 
> Task :test-suite-logback-external-configuration:generateNativeImageProperties SKIPPED, 11.371807536720643, , , , 599761, False, 
> Task :test-suite-logback-external-configuration:processResources NO-SOURCE, 3.968495370551586, , , , 199795, False, 
> Task :test-suite-logback-external-configuration:classes UP-TO-DATE, 9.299565950518245, , , , 100169, False, 
> Task :test-suite-logback-external-configuration:compileTestJava NO-SOURCE, 38.82623492959063, , , , 1799960, False, 
> Task :test-suite-logback-external-configuration:compileTestGroovy, 2.977959526846953, , , , 99893, False, 
> Task :test-suite-logback-external-configuration:testClasses, 77.16482229002878, , , , 2099911, False, 
> Task :test-suite-logback-external-configuration:test, 108.8460080413008, , , , 3599994, False, 
> Task :test-suite-logback-graalvm:compileJava NO-SOURCE, 5.107491899401047, , , , 200109, False, 
> Task :test-suite-logback-graalvm:classes UP-TO-DATE, 126.87709896138968, , , , 4499751, False, 
> Task :test-suite-logback-graalvm:compileTestJava, 2.888312944763539, , , , 99830, False, 
> Task :test-suite-logback-graalvm:testClasses, 46.68260277671266, , , , 1499881, False, 
> Task :test-suite-logback-graalvm:test, 16.283582421618505, , , , 500076, False, 
> Task :test-suite-netty-ssl-graalvm:processResources NO-SOURCE, 2.794212311632795, , , , 99908, False, 
> Task :test-suite-netty-ssl-graalvm:classes UP-TO-DATE, 745.9357483766614, , , , 29999950, False, 
> Task :test-suite-netty-ssl-graalvm:compileTestJava, 511.0541717431613, , , , 52100083, False, 
> Task :test-utils:compileJava NO-SOURCE, 29.48987880238488, , , , 1799827, False, 
> Task :test-utils:compileGroovy, 4.344635379974377, , , , 200185, False, 
> Task :test-utils:processResources NO-SOURCE, 2.319989734550882, , , , 99726, False, 
> Task :test-utils:compileTestJava NO-SOURCE, 12.092188821300056, , , , 99952, False, 
> Task :test-utils:testClasses UP-TO-DATE, 10.925596171700498, , , , 499677, False, 
> Task :test-utils:test NO-SOURCE, 12.02937522150193, , , , 699969, False, 
> Task :websocket:compileTestJava NO-SOURCE, 1.4073908012737266, , , , 99989, False, 
> Task :websocket:testClasses UP-TO-DATE, 6.25922557330226, , , , 199631, False, 
> Task :websocket:test NO-SOURCE, 116.89742478015783, , , , 11000016, False, 
> Task :test-suite-netty-ssl-graalvm:testClasses, 177.66910542321068, , , , 9299776, False, 
> Task :test-suite-netty-ssl-graalvm:test, 102.54142338792715, , , , 10299979, False, 
> Task :aop:checkPom, 4.845812347296404, , , , 699982, False, 
> Task :spotlessInternalRegisterDependencies, 457.7776945740952, , , , 32300015, False, 
> Task :benchmarks:compileJmhJava, 36.427944555418335, , , , 1700060, False, 
> Task :benchmarks:compileJmhGroovy NO-SOURCE, 4.440396350140825, , , , 199918, False, 
> Task :benchmarks:jmhClasses, 16.46400752081434, , , , 798520, False, 
> Task :benchmarks:checkstyleJmh SKIPPED, 61.24987752656761, , , , 5399858, False, 
> Task :benchmarks:spotlessJavaCheck SKIPPED, 9.914329388594208, , , , 199864, False, 
> Task :benchmarks:spotlessJavaMisc, 1.8722180309708785, , , , 100334, False, 
> Task :benchmarks:checkstyleTest SKIPPED, 1.8353354153882235, , , , 99517, False, 
> Task :benchmarks:check, 7.148133219895125, , , , 1199982, False, 
> Task :buffer-netty:checkPom, 103.92060077954386, , , , 14400109, False, 
> Task :buffer-netty:spotlessJavaCheck, 7.366701105772034, , , , 99721, False, 
> Task :aop:spotlessJavaCheck, 3.070046735987193, , , , 200012, False, 
> Task :buffer-netty:spotlessCheck, 8.394753553091864, , , , 299470, False, 
> Task :aop:spotlessCheck, 404.3419387521686, , , , 25799855, False, 
> Task :aop:checkstyleMain, 2.07840009697756, , , , 99884, False, 
> Task :aop:checkstyleTest SKIPPED, 17.254557332534965, , , , 1399779, False, 
> Task :buffer-netty:findBaseline, 382.45531771504864, , , , 20099842, False, 
> Task :aop:check, 18.282037546330237, , , , 1099799, False, 
> Task :context:checkPom, 7.6834588467748866, , , , 199920, False, 
> Task :context-propagation:checkPom, 16.364142430022067, , , , 1200000, False, 
> Task :context-propagation:spotlessJavaCheck, 15.85453187655675, , , , 892030, False, 
> Task :context:spotlessJavaCheck, 1.3947041131339473, , , , 99916, False, 
> Task :context-propagation:spotlessCheck, 1.450417620147579, , , , 98088, False, 
> Task :context:spotlessCheck, 15.529986897066236, , , , 999637, False, 
> Task :context:checkstyleTest SKIPPED, 16.417646665376445, , , , 199890, False, 
> Task :context:findBaseline, 84.3708773691159, , , , 2499987, False, 
> Task :context:checkstyleMain, 3.208270654989376, , , , 100019, False, 
> Task :context:check, 3.1323646414516384, , , , 99942, False, 
> Task :context-propagation:checkstyleTest SKIPPED, 14.902763071880814, , , , 500166, False, 
> Task :context-propagation:findBaseline, 20.515372854155395, , , , 1199827, False, 
> Task :core:checkPom, 15.62247491014613, , , , 100089, False, 
> Task :context-propagation:check, 105.69530322647364, , , , 7499910, False, 
> Task :core:spotlessJavaCheck, 3.71441590208817, , , , 299885, False, 
> Task :core:spotlessCheck, 92.1801398599456, , , , 4999672, False, 
> Task :core-bom:generatePomFileForMavenPublication, 3.161039911285468, , , , 100440, False, 
> Task :core:checkstyleMain, 16.30631972581881, , , , 199559, False, 
> Task :core:findBaseline, 139.72885563467707, , , , 5299919, False, 
> Task :core:check, 30.31266203463935, , , , 1401457, False, 
> Task :core-processor:checkPom, 6.778230198203912, , , , 798581, False, 
> Task :core-bom:checkBom, 2.839234322777501, , , , 200026, False, 
> Task :core-bom:findBaseline, 7.417941415683597, , , , 599991, False, 
> Task :core-bom:generateCatalogAsToml UP-TO-DATE, 57.51385313666423, , , , 5100084, False, 
> Task :core-processor:spotlessJavaCheck, 7.052672228097015, , , , 199812, False, 
> Task :core-processor:spotlessCheck, 42.65998285845311, , , , 2599522, False, 
> Task :core-processor:checkstyleTest SKIPPED, 6.600590594357486, , , , 199861, False, 
> Task :core-processor:findBaseline, 67.74685021161854, , , , 1899990, False, 
> Task :core-processor:japiCmp, 34.932914495890586, , , , 900193, False, 
> Task :core-reactive:checkPom, 28.17158774571897, , , , 1099905, False, 
> Task :core-processor:checkstyleMain, 20.321253730109294, , , , 1300061, False, 
> Task :core-reactive:spotlessJava, 2.1223311802569693, , , , 99924, False, 
> Task :core-reactive:spotlessJavaCheck, 4.866776283745217, , , , 199918, False, 
> Task :core-reactive:spotlessJavaMiscCheck, 12.685368978722442, , , , 99985, False, 
> Task :core-reactive:spotlessKotlin, 2.317751206143812, , , , 99987, False, 
> Task :core-reactive:spotlessKotlinCheck, 2.2080899113434733, , , , 99481, False, 
> Task :core-reactive:spotlessCheck, 9.943836608713983, , , , 299972, False, 
> Task :discovery-core:checkPom, 10.406654769161731, , , , 600056, False, 
> Task :core-reactive:checkstyleMain, 2.627676704172818, , , , 99936, False, 
> Task :discovery-core:spotlessJavaCheck, 2.809791954286308, , , , 99823, False, 
> Task :core-reactive:findBaseline, 2.9919072043997983, , , , 100162, False, 
> Task :discovery-core:spotlessCheck, 27.066989560359787, , , , 805809, False, 
> Task :discovery-core:checkstyleMain, 6.775795241953356, , , , 193703, False, 
> Task :core-reactive:check, 17.47638083449701, , , , 99824, False, 
> Task :discovery-core:findBaseline, 15.609344611088153, , , , 599972, False, 
> Task :function:checkPom, 15.723725216597058, , , , 500118, False, 
> Task :discovery-core:japiCmp, 8.191299034421158, , , , 300044, False, 
> Task :discovery-core:check, 12.271124951216288, , , , 1000112, False, 
> Task :function-client:checkPom, 7.020157275248104, , , , 499855, False, 
> Task :function:spotlessJavaCheck, 6.892001878641186, , , , 199936, False, 
> Task :function:spotlessCheck, 6.747789215861968, , , , 701776, False, 
> Task :function:checkstyleTest SKIPPED, 2.092682111932839, , , , 90109, False, 
> Task :function:checkstyleMain, 11.392315895614752, , , , 133196, False, 
> Task :function-client:spotlessJavaCheck, 2.2732854427215887, , , , 66871, False, 
> Task :function:findBaseline, 2.2681077063202277, , , , 100016, False, 
> Task :function-client:spotlessCheck, 25.56847832290027, , , , 1099829, False, 
> Task :function-client:checkstyleTest SKIPPED, 3.177768243388639, , , , 99879, False, 
> Task :function-client:checkstyleMain, 16.284650061849103, , , , 99916, False, 
> Task :function-client:findBaseline, 11.123035359423412, , , , 500072, False, 
> Task :function-web:checkPom, 14.54080531997756, , , , 999970, False, 
> Task :function-client:check, 18.33453047782904, , , , 999973, False, 
> Task :function-web:spotlessJavaCheck, 1.22129770568116, , , , 99691, False, 
> Task :function-web:spotlessCheck, 0.0, , , , 399661, False, 
> Task :function-web:checkstyleTest SKIPPED, 1.2389174258929527, , , , 200026, False, 
> Task :function-web:findBaseline, 24.93913495321485, , , , 899827, False, 
> Task :function-web:check, 2.577587466928676, , , , 99880, False, 
> Task :graal:spotlessCheck, 10.297608730448074, , , , 699667, False, 
> Task :graal:checkstyleTest SKIPPED, 1.9875220723585176, , , , 99992, False, 
> Task :graal:findBaseline, 5.876166608598239, , , , 299911, False, 
> Task :http:checkPom, 45.05218867335845, , , , 2000029, False, 
> Task :graal:check, 14.03287204516988, , , , 999955, False, 
> Task :http-client:checkPom, 59.93661020002294, , , , 5000157, False, 
> Task :http-client:spotlessJavaCheck, 2.8817502897963267, , , , 199844, False, 
> Task :http-client:spotlessCheck, 7.206168301965608, , , , 299620, False, 
> Task :http:spotlessJavaCheck, 9.145164268147653, , , , 299724, False, 
> Task :http:spotlessJavaMiscCheck, 4.69830359122259, , , , 200034, False, 
> Task :http:spotlessCheck, 65.89782355852587, , , , 1900470, True, [ant:checkstyle] [ERROR] /home/power/actions-runner/_work/micronaut-core/micronaut-core/http-client/src/main/java/io/micronaut/http/client/netty/ConnectionManager.java:470:66: '{' is not preceded with whitespace. [WhitespaceAround]
> Task :http-client:checkstyleMain, 6.785863868704683, , , , 199138, False, 
> Task :http:checkstyleTest SKIPPED, 16.71190062140127, , , , 200037, False, 
> Task :http:findBaseline, 33.5357955359795, , , , 1500002, False, 
> Task :http-client:checkstyleTest SKIPPED, 3.395617315630039, , , , 99839, False, 
> Task :http-client:findBaseline, 16.31191254930091, , , , 800031, False, 
> Task :http:check, 30.386008598864933, , , , 599909, False, 
> Task :http-client:check, 23.064388251642274, , , , 1699940, False, 
> Task :http-client-jdk:checkPom, 35.390110084413074, , , , 2699830, False, 
> Task :http-client-core:spotlessJavaCheck, 7.338562855290738, , , , 92616, False, 
> Task :http-client-jdk:spotlessCheck, 1.464986399395918, , , , 100012, False, 
> Task :http-client-core:spotlessCheck, 7.304485709512869, , , , 801531, False, 
> Task :http-client-jdk:checkstyleTest SKIPPED, 14.67483351369536, , , , 173331, False, 
> Task :http-client-jdk:findBaseline, 3.09706424602599, , , , 100006, False, 
> Task :http-client-core:checkstyleTest SKIPPED, 3.151096760454962, , , , 100049, False, 
> Task :http-client-core:findBaseline, 16.025646374419672, , , , 500425, True, [ant:checkstyle] [ERROR] /home/power/actions-runner/_work/micronaut-core/micronaut-core/http-client-core/src/main/java/io/micronaut/http/client/interceptor/HttpClientIntroductionAdvice.java:84:8: Unused import - java.util.Arrays. [UnusedImports]
> Task :http-client-core:checkstyleMain, 14.510184792807165, , , , 1099550, True, Checkstyle violations by severity: [error:1]
> Task :http-client-core:check, 16.717934139573416, , , , 99866, False, 
> Task :http-client-jdk:check, 11.10405902752857, , , , 700063, False, 
> Task :http-client-tck:checkPom, 3.6638324025223854, , , , 199993, False, 
> Task :http-netty:checkPom, 21.289303602576386, , , , 1500015, False, 
> Task :http-client-tck:spotlessJava, 6.826130187565598, , , , 99933, False, 
> Task :http-client-tck:spotlessCheck, 6.180807604337828, , , , 699411, False, 
> Task :http-client-tck:checkstyleMain, 2.0644239983069363, , , , 100113, False, 
> Task :http-client-tck:checkstyleTest SKIPPED, 13.08299491633258, , , , 300031, False, 
> Task :http-client-tck:findBaseline, 19.950858729491912, , , , 2299852, False, 
> Task :http-netty:spotlessJavaCheck, 14.123619021018095, , , , 299898, False, 
> Task :http-client-tck:check, 13.233417411514724, , , , 699697, False, 
> Task :http-server:checkPom, 14.3095287670402, , , , 100012, False, 
> Task :http-netty:checkstyleTest SKIPPED, 2.9675909130879314, , , , 100043, False, 
> Task :http-netty:findBaseline, 16.951657759037474, , , , 399909, False, 
> Task :http-netty:checkstyleMain, 14.4282052041663, , , , 800021, True, [ant:checkstyle] [ERROR] /home/power/actions-runner/_work/micronaut-core/micronaut-core/http-netty/src/main/java/io/micronaut/http/netty/NettyTlsUtils.java:47:60: Expected @param tag for 'sslConfiguration'. [JavadocMethod]
> Task :http-netty:japiCmp, 2.697354162247732, , , , 100029, False, 
> Task :http-netty:check, 41.1126783902838, , , , 2100067, False, 
> Task :http-server-netty:checkPom, 7.80866925877753, , , , 499969, False, 
> Task :http-server:spotlessJavaCheck, 3.0872489925799367, , , , 199877, False, 
> Task :http-server:spotlessCheck, 29.22739194014809, , , , 1499571, False, 
> Task :http-server:checkstyleTest SKIPPED, 6.269076442200837, , , , 199947, False, 
> Task :http-server:findBaseline, 30.78573810216128, , , , 1400076, False, 
> Task :http-server:check, 12.89751936072852, , , , 899971, False, 
> Task :http-server-tck:checkPom, 7.695435236874811, , , , 1699948, False, 
> Task :http-server-netty:spotlessJava, 3.02670402119841, , , , 200071, False, 
> Task :http-server-tck:spotlessJava, 1.5108615231692937, , , , 76382, False, 
> Task :http-server-netty:spotlessCheck, 1.5092011982160187, , , , 123010, False, 
> Task :http-server-tck:spotlessCheck, 7.529402741547347, , , , 1198135, False, 
> Task :http-server-tck:checkstyleMain, 17.37720296851139, , , , 100044, False, 
> Task :http-server-netty:checkstyleTest SKIPPED, 3.346054819236984, , , , 99985, False, 
> Task :http-server-netty:findBaseline, 84.67408480187441, , , , 2501282, True, [ant:checkstyle] [ERROR] /home/power/actions-runner/_work/micronaut-core/micronaut-core/http-server-netty/src/main/java/io/micronaut/http/server/netty/body/UpstreamBalancer.java:29:4: Unknown tag 'implNote'. [JavadocType]
> Task :http-server-netty:checkstyleMain, 3.267769422979364, , , , 99252, False, 
> Task :http-server-tck:checkstyleTest SKIPPED, 3.1966394682681813, , , , 99528, False, 
> Task :http-server-netty:check, 3.125509513557, , , , 99762, False, 
> Task :http-server-tck:check, 22.940279654402524, , , , 599897, False, 
> Task :http-tck:checkPom, 4.213842290885275, , , , 300051, False, 
> Task :http-validation:checkPom, 12.342492700406895, , , , 1099995, False, 
> Task :http-tck:spotlessJavaMisc FROM-CACHE, 6.750180868710241, , , , 399715, False, 
> Task :http-tck:spotlessCheck, 11.362615198913524, , , , 1000741, False, 
> Task :http-tck:checkstyleMain, 2.0667172797524405, , , , 99105, False, 
> Task :http-tck:checkstyleTest SKIPPED, 10.3335863987622, , , , 200067, False, 
> Task :http-tck:findBaseline, 6.563365780809592, , , , 400818, False, 
> Task :http-validation:spotlessJavaCheck, 3.717948479910619, , , , 198873, False, 
> Task :http-validation:spotlessCheck, 12.026376618743503, , , , 401757, False, 
> Task :http-tck:check, 2.9429852148539872, , , , 97917, False, 
> Task :http-validation:checkstyleTest SKIPPED, 6.42368032081326, , , , 199990, False, 
> Task :http-validation:findBaseline, 16.507292377954222, , , , 499977, False, 
> Task :inject:checkPom, 8.347085676164939, , , , 400064, False, 
> Task :http-validation:check, 18.019364524281887, , , , 899881, False, 
> Task :inject-groovy:checkPom, 2.742102348840743, , , , 199983, False, 
> Task :inject-groovy:compileFunctionalTestJava NO-SOURCE, 52.65334499406183, , , , 2600061, False, 
> Task :inject-groovy:compileFunctionalTestGroovy, 2.085984309068953, , , , 100107, False, 
> Task :inject-groovy:checkstyleFunctionalTest NO-SOURCE, 14.42403188518416, , , , 1199443, False, 
> Task :inject-groovy:spotlessGroovyCheck, 27.2284241861712, , , , 2199824, False, 
> Task :inject:spotlessJavaCheck, 2.815261041998675, , , , 199868, False, 
> Task :inject:spotlessCheck, 1.4435913730522862, , , , 99690, False, 
> Task :inject:checkstyleMain SKIPPED, 1.4675652744209184, , , , 100015, False, 
> Task :inject:checkstyleTest SKIPPED, 7.457695878947755, , , , 200129, False, 
> Task :inject:findBaseline, 32.683742729619, , , , 1499882, False, 
> Task :inject:check, 11.00740646145856, , , , 866422, False, 
> Task :inject-groovy:spotlessJavaCheck UP-TO-DATE, 8.32401795363793, , , , 33398, False, 
> Task :inject-groovy:spotlessCheck, 8.893406961952419, , , , 499788, False, 
> Task :inject-groovy:checkstyleTest SKIPPED, 9.842388642476564, , , , 500644, False, 
> Task :inject-groovy-test:spotlessGroovyCheck, 6.360944392137529, , , , 293920, False, 
> Task :inject-groovy-test:spotlessJavaCheck UP-TO-DATE, 2.196233331821108, , , , 99950, False, 
> Task :inject-groovy-test:spotlessCheck, 20.972652615289626, , , , 599580, False, 
> Task :inject-groovy-test:checkstyleTest SKIPPED, 4.016360918641114, , , , 199755, False, 
> Task :inject-groovy-test:findBaseline, 10.59906520849101, , , , 699930, False, 
> Task :inject-groovy:functionalTest, 223.43320168504184, , , , 6200069, False, 
> Task :inject-groovy-test:check, 5.715523701771322, , , , 199765, False, 
> Task :inject-groovy:functionalTest__dup_857, 4.752791872775653, , , , 200037, False, 
> Task :inject-groovy:findBaseline, 19.57081914535342, , , , 899996, False, 
> Task :inject-java:checkPom, 14.42427659399496, , , , 500028, False, 
> Task :inject-groovy:check, 24.37968654731919, , , , 699888, False, 
> Task :inject-java-helper:spotlessJavaCheck, 1.8533840712948213, , , , 99960, False, 
> Task :inject-java-helper:spotlessCheck, 122.95306239017168, , , , 6999385, False, 
> Task :inject-java-helper:checkstyleMain, 10.37526899259158, , , , 400168, False, 
> Task :inject-java-helper:check, 10.555032450753997, , , , 1599850, False, 
> Task :inject-java-helper2:spotlessCheck, 15.794293199740018, , , , 799541, True, [ant:checkstyle] [ERROR] /home/power/actions-runner/_work/micronaut-core/micronaut-core/inject-java-helper2/src/main/java/io/micronaut/inject/test/external/ExternalBean.java:18: First sentence should end with a period. [JavadocStyle]
> Task :inject-java-helper2:checkstyleMain, 12.351960555002744, , , , 99625, True, Checkstyle violations by severity: [error:1]
> Task :inject-java-helper2:check, 7.334956217437229, , , , 799825, False, 
> Task :inject-java-test:checkPom, 16.042015745551385, , , , 900151, False, 
> Task :inject-java-test:spotlessGroovyCheck, 7.193680120484759, , , , 299821, False, 
> Task :inject-java:spotlessJavaCheck, 5.718848490887773, , , , 299810, False, 
> Task :inject-java:spotlessCheck, 40.70156190234431, , , , 1151708, False, 
> Task :inject-java:checkstyleTest SKIPPED, 6.550959197902135, , , , 199901, False, 
> Task :inject-java:findBaseline, 34.066770286999486, , , , 1100009, False, 
> Task :inject-java-test:spotlessJavaMisc FROM-CACHE, 3.355885190008986, , , , 99871, False, 
> Task :inject-java-test:spotlessCheck, 16.77942595004493, , , , 200355, False, 
> Task :inject-java:checkstyleMain, 3.2948297236442765, , , , 100063, False, 
> Task :inject-java-test:checkstyleTest SKIPPED, 6.528603980923843, , , , 198782, False, 
> Task :inject-java-test:findBaseline, 50.86786470757086, , , , 1399997, False, 
> Task :inject-java-test:japiCmp, 17.315260503635265, , , , 500133, False, 
> Task :inject-kotlin:checkPom, 47.81484189639169, , , , 1699992, False, 
> Task :inject-java-test:check, 8.005335771854746, , , , 999912, False, 
> Task :inject-kotlin-test:checkPom, 3.2568231036365987, , , , 199935, False, 
> Task :inject-kotlin:spotlessJavaCheck UP-TO-DATE, 1.6557559492656495, , , , 99933, False, 
> Task :inject-kotlin:spotlessJavaMiscCheck UP-TO-DATE, 5.0766454375863495, , , , 299804, False, 
> Task :inject-kotlin:spotlessCheck, 3.4755782832154, , , , 199728, False, 
> Task :inject-kotlin-test:spotlessGroovyCheck, 1.7651335390550504, , , , 99834, False, 
> Task :inject-kotlin:checkstyleTest SKIPPED, 1.7833631373532834, , , , 102105, False, 
> Task :inject-kotlin:findBaseline, 31.013035566212285, , , , 1597684, False, 
> Task :inject-kotlin-test:spotlessJavaCheck UP-TO-DATE, 2.093266308423252, , , , 99720, False, 
> Task :inject-kotlin-test:spotlessJavaMiscCheck UP-TO-DATE, 6.389176515059158, , , , 299821, False, 
> Task :inject-kotlin-test:spotlessCheck, 28.5958549116393, , , , 999586, False, 
> Task :inject-kotlin-test:checkstyleMain, 3.4305999390712087, , , , 100072, False, 
> Task :inject-kotlin-test:checkstyleTest SKIPPED, 6.712796032799822, , , , 200034, False, 
> Task :inject-kotlin-test:findBaseline, 3.2821960937286137, , , , 100580, False, 
> Task :inject-kotlin:japiCmp, 16.16364072640541, , , , 499420, False, 
> Task :inject-test-utils:spotlessGroovyCheck, 12.69256836009904, , , , 199895, False, 
> Task :inject-test-utils:spotlessCheck, 2.264281724331814, , , , 99679, False, 
> Task :inject-test-utils:check, 16.226780686213257, , , , 899738, False, 
> Task :jackson-core:checkPom, 11.651820762150145, , , , 699897, False, 
> Task :inject-kotlin-test:check, 19.66093586535059, , , , 999879, False, 
> Task :jackson-core:spotlessJavaCheck, 1.5750302613951122, , , , 99947, False, 
> Task :jackson-databind:checkPom, 8.261623584207072, , , , 99995, False, 
> Task :jackson-core:spotlessCheck, 23.850097545391737, , , , 1099572, False, 
> Task :jackson-core:checkstyleTest SKIPPED, 9.136529222316495, , , , 299903, False, 
> Task :jackson-core:findBaseline, 15.001525637477918, , , , 500034, False, 
> Task :jackson-databind:spotlessJavaCheck, 15.697758106178618, , , , 199804, False, 
> Task :jackson-databind:spotlessCheck, 9.637246358362372, , , , 299786, False, 
> Task :jackson-core:check, 16.304956702443064, , , , 599987, False, 
> Task :jackson-databind:checkstyleTest SKIPPED, 9.876016195391855, , , , 299844, False, 
> Task :jackson-databind:findBaseline, 6.606163695481717, , , , 200015, False, 
> Task :jackson-databind:checkstyleMain, 33.12945079794477, , , , 900003, False, 
> Task :jackson-databind:japiCmp, 2.6108112386013733, , , , 100042, False, 
> Task :jackson-databind:check, 10.924710842832846, , , , 500143, False, 
> Task :json-core:spotlessJavaCheck, 9.505147276050169, , , , 99768, False, 
> Task :json-core:spotlessCheck, 2.2269662740207017, , , , 99713, False, 
> Task :management:checkPom, 4.942837776257407, , , , 200147, False, 
> Task :json-core:checkstyleTest SKIPPED, 2.715871502236705, , , , 99883, False, 
> Task :json-core:findBaseline, 13.579357511183524, , , , 200071, False, 
> Task :json-core:checkstyleMain, 31.21041403008549, , , , 899942, False, 
> Task :json-core:check, 12.90773226114885, , , , 700055, False, 
> Task :messaging:checkPom, 21.21635525771889, , , , 1500019, False, 
> Task :management:spotlessJavaCheck, 2.886253893641081, , , , 199938, False, 
> Task :management:spotlessCheck, 44.176793484848176, , , , 1599530, False, 
> Task :management:checkstyleTest SKIPPED, 11.117361303048355, , , , 499958, False, 
> Task :management:findBaseline, 2.393407119425106, , , , 99977, False, 
> Task :messaging:spotlessCheck, 13.241547038241292, , , , 599760, False, 
> Task :messaging:checkstyleTest SKIPPED, 6.573075973471877, , , , 199860, False, 
> Task :messaging:findBaseline, 33.2745966074293, , , , 700016, False, 
> Task :management:check, 16.40503264805963, , , , 799925, False, 
> Task :retry:checkPom, 48.85342639197973, , , , 1399990, False, 
> Task :retry:spotlessJavaCheck, 14.342184296921996, , , , 199890, False, 
> Task :retry:spotlessCheck, 31.57805783494837, , , , 999847, False, 
> Task :retry:checkstyleTest SKIPPED, 6.714961566378915, , , , 199901, False, 
> Task :retry:findBaseline, 16.269028522355192, , , , 300019, False, 
> Task :messaging:check, 11.719873827039844, , , , 400007, False, 
> Task :retry:check, 13.95590532441892, , , , 299925, False, 
> Task :router:checkPom, 12.943504798033674, , , , 599983, False, 
> Task :router:spotlessGroovyCheck, 21.31625339541801, , , , 1099876, False, 
> Task :runtime:spotlessJavaCheck UP-TO-DATE, 11.51636722888207, , , , 99848, False, 
> Task :runtime:spotlessCheck UP-TO-DATE, 1.9809208873079016, , , , 99624, False, 
> Task :runtime:checkstyleTest SKIPPED, 3.4783129369130363, , , , 199799, False, 
> Task :runtime:findBaseline, 20.53041040135641, , , , 899878, False, 
> Task :runtime:check, 21.6786214871293, , , , 800015, False, 
> Task :router:spotlessJavaCheck, 1.8930493965193496, , , , 99912, False, 
> Task :router:spotlessCheck, 9.34208258094467, , , , 799550, False, 
> Task :runtime-osx:spotlessJava, 16.243538713823632, , , , 99972, False, 
> Task :router:checkstyleTest SKIPPED, 3.1166932286799365, , , , 100042, False, 
> Task :router:findBaseline, 31.78525070214349, , , , 999963, False, 
> Task :runtime-osx:spotlessJavaCheck, 3.1413917632493864, , , , 99915, False, 
> Task :router:japiCmp, 3.0423961233738663, , , , 100140, False, 
> Task :runtime-osx:spotlessJavaMiscCheck, 2.9434004834983467, , , , 99731, False, 
> Task :runtime-osx:spotlessCheck, 14.222024218114134, , , , 100023, False, 
> Task :test-suite:compileFunctionalTestJava NO-SOURCE, 7.400251303477233, , , , 299974, False, 
> Task :runtime-osx:checkstyleTest SKIPPED, 2.0890960253619952, , , , 99905, False, 
> Task :runtime-osx:checkstyleMain, 9.501344103983936, , , , 100007, False, 
> Task :runtime-osx:findBaseline, 64.44070223959302, , , , 2399995, False, 
> Task :runtime-osx:check, 16.719501869575684, , , , 499930, False, 
> Task :test-suite-geb:compileFunctionalTestJava NO-SOURCE, 15.930665989855909, , , , 99976, False, 
> Task :test-suite-geb:compileFunctionalTestGroovy NO-SOURCE, 3.190084971720972, , , , 100025, False, 
> Task :test-suite-geb:functionalTestClasses UP-TO-DATE, 6.392025264691314, , , , 199846, False, 
> Task :test-suite-geb:checkstyleFunctionalTest NO-SOURCE, 16.02946033360066, , , , 305671, False, 
> Task :test-suite-geb:checkstyleMain NO-SOURCE, 3.274656705572287, , , , 93978, False, 
> Task :test-suite-geb:functionalTest NO-SOURCE, 3.309039024998364, , , , 99706, False, 
> Task :test-suite-geb:check, 16.889018319252596, , , , 300137, False, 
> Task :test-suite:compileFunctionalTestGroovy, 2.795473713148338, , , , 100011, False, 
> Task :test-suite:functionalTestClasses, 4.717452500243402, , , , 199883, False, 
> Task :test-suite:checkstyleFunctionalTest NO-SOURCE, 50.58000943186652, , , , 2099854, False, 
> Task :test-suite-groovy:spotlessJavaCheck UP-TO-DATE, 2.4389990081446014, , , , 99984, False, 
> Task :test-suite-groovy:spotlessCheck UP-TO-DATE, 2.3743877873376737, , , , 99764, False, 
> Task :test-suite-groovy:check, 10.902770624584456, , , , 300501, False, 
> Task :test-suite:spotlessJavaCheck, 2.2856235299313767, , , , 98904, False, 
> Task :test-suite:spotlessCheck, 13.529505749946598, , , , 599364, False, 
> Task :test-suite-helper:checkstyleMain, 3.0922412779227697, , , , 99963, False, 
> Task :test-suite:checkstyleTestFixtures NO-SOURCE, 3.221021320567253, , , , 99938, False, 
> Task :test-suite-http-client-jdk-ssl:checkstyleMain NO-SOURCE, 16.74900681605868, , , , 99277, False, 
> Task :test-suite-http-client-tck-jdk:spotlessCheck UP-TO-DATE, 3.333693487759046, , , , 99349, False, 
> Task :test-suite-http-client-tck-jdk:check, 9.904433210560995, , , , 299706, False, 
> Task :test-suite-http-client-tck-netty:spotlessCheck UP-TO-DATE, 3.2692619859482845, , , , 99481, False, 
> Task :test-suite-http-client-tck-netty:checkstyleMain NO-SOURCE, 3.2531541104955943, , , , 100000, False, 
> Task :test-suite-http-client-tck-netty:checkstyleTest SKIPPED, 3.237046235042904, , , , 100002, False, 
> Task :test-suite-http-server-tck-jdk:spotlessJavaCheck UP-TO-DATE, 3.220938359590214, , , , 99839, False, 
> Task :test-suite-http-server-tck-jdk:spotlessCheck UP-TO-DATE, 3.2048304841375232, , , , 99140, False, 
> Task :test-suite-http-server-tck-jdk:checkstyleMain NO-SOURCE, 15.943613043424165, , , , 100018, False, 
> Task :test-suite-http-server-tck-jdk:checkstyleTest SKIPPED, 3.186250071807461, , , , 100000, False, 
> Task :test-suite-jakarta-inject-bean-import:spotlessCheck UP-TO-DATE, 6.365082532982807, , , , 199289, False, 
> Task :test-suite-jakarta-inject-bean-import:check, 3.1788324611753453, , , , 99728, False, 
> Task :test-suite-javax-inject:spotlessCheck UP-TO-DATE, 15.881799621489868, , , , 199569, False, 
> Task :test-suite-javax-inject:checkstyleMain NO-SOURCE, 3.0279929690458305, , , , 100008, False, 
> Task :test-suite-kotlin:spotlessJavaCheck UP-TO-DATE, 2.95380949141976, , , , 99772, False, 
> Task :test-suite:functionalTest, 2.8796260137936884, , , , 100066, False, 
> Task :test-suite-kotlin:spotlessCheck UP-TO-DATE, 14.027212680838083, , , , 199489, False, 
> Task :test-suite-kotlin:checkstyleMain NO-SOURCE, 3.061080811343404, , , , 100010, False, 
> Task :test-suite-kotlin-ksp:spotlessJavaCheck UP-TO-DATE, 6.505619035450486, , , , 199900, False, 
> Task :test-suite-kotlin-ksp:spotlessCheck UP-TO-DATE, 17.222691120535416, , , , 99607, False, 
> Task :test-suite-logback:spotlessCheck UP-TO-DATE, 3.430169236844592, , , , 97582, False, 
> Task :test-suite-logback:checkstyleMain NO-SOURCE, 3.4158002495821016, , , , 100035, False, 
> Task :test-suite-logback:checkstyleTest SKIPPED, 3.4014312623196106, , , , 100001, False, 
> Task :test-suite-logback-external-configuration:spotlessCheck UP-TO-DATE, 3.38706227505712, , , , 100182, False, 
> Task :test-suite-netty-ssl-graalvm:check, 6.731017588326768, , , , 198629, False, 
> Task :test-utils:spotlessGroovyCheck, 3.343955313269648, , , , 100104, False, 
> Task :test-utils:check, 16.504241757410874, , , , 399270, False, 
> Task :websocket:checkPom, 31.67433348376755, , , , 999972, False, 
> Task :test-suite:functionalTest__dup_1003, 6.57258971908438, , , , 199979, False, 
> Task :websocket:spotlessJavaCheck, 3.329807318587104, , , , 99941, False, 
> Task :websocket:spotlessCheck, 33.31338232953296, , , , 899798, False, 
> Task :websocket:checkstyleTest SKIPPED, 6.579796760428119, , , , 199934, False, 
> Task :websocket:findBaseline, 19.66492382221509, , , , 600225, False, 
> Task :test-suite:functionalTest__dup_1008, 3.266627611754916, , , , 99805, False, 
> Task :websocket:check, 6.523946916126175, , , , 199978, False, 
> Task :test-suite:functionalTest__dup_1010, 551.51542404469, , , , 32800068, False, 
> Task :test-suite-kotlin-ksp:processTestResources, 636.8613092028194, , , , 28900041, False, 
> Task :test-suite-kotlin-ksp:compileTestKotlin, 119.52803743593392, , , , 9499872, False, 
> Task :test-suite-kotlin-ksp:compileTestJava NO-SOURCE, 12.897015371777831, , , , 500019, False, 
> Task :test-suite-kotlin-ksp:testClasses, 12.199930870762344, , , , 599840, False, 
> Task :test-suite-kotlin:kaptTestKotlin, 336.41452874855554, , , , 12301992, False, 
> Task :test-suite-kotlin-ksp:test, 764.6781586148102, , , , 29998274, False, 
> Task :test-suite-kotlin:compileTestKotlin, 306.3265468599206, , , , 14099888, False, 
> Task :test-suite-kotlin-ksp:test__dup_1018, 20.18639353462178, , , , 1299498, False, 
> Task :test-suite-kotlin-ksp:check, 7.246319171362536, , , , 799698, False, 
> Task :test-suite-kotlin:test, 1082.6251135569012, , , , 57500182, False, 
> Task :test-suite-kotlin:check, 316.98364700791353, , , , 27499700, False, 
> Task :check, 326.064572639308, , , , 39499984, False, 
##[group] Process test results, 651.8122770756781, , , , 49462128, False, 
##[group] Publish results, 6.319169474537617, , , , 1203310, False, 
##[group]Run actions/upload-artifact@65462800fd760344b1a7b4382951275a0abb4808, 166.96171180283213, , , , 10911305, False, 
##[group]Run haya14busa/action-cond@v1, 812.5640489035102, , , , 86765524, False, 
##[group]Caching Gradle state, 2273.002579111548, , , , 200434663, False, 
##[group]GITHUB_TOKEN Permissions__dup_1028, 150.8186087301383, , , , 10411415, False, 
##[group]Build container for action use: '/home/power/actions-runner/_work/_actions/micronaut-projects/github-pages-deploy-action/master/Dockerfile'.__dup_1029, 108.44871689979996, , , , 14392679, False, 
##[group]Run sudo rm -rf "/usr/local/share/boost"__dup_1030, 25.67723074764417, , , , 2189720, False, 
##[group]Run actions/checkout@v4__dup_1031, 2.870124730321302, , , , 188234, False, 
##[group]Removing previously created refs_ to avoid conflicts, 27.015654721113737, , , , 3058920, False, 
##[group]Cleaning the repository, 48.64411458030024, , , , 3495215, False, 
##[group]Setting up auth__dup_1034, 8.513963841441008, , , , 94396, False, 
##[group]Fetching the repository__dup_1035, 13.638213914593988, , , , 1267323, False, 
##[group]Checking out the ref__dup_1036, 1.5640272080599915, , , , 76085, False, 
##[group]Run graalvm/setup-graalvm@v1.2.1__dup_1037, 8.85804667644168, , , , 763334, False, 
##[group]Successfully set up 'graalvm-jdk-21.0.3+7.1', 16.905371755406676, , , , 1218345, False, 
##[group]Run gradle/actions/setup-gradle@v3.3.2, 9.573479204853976, , , , 529592, False, 
##[group]Run [ -f ./setup.sh ] && ./setup.sh || [ ! -f ./setup.sh ]__dup_1040, 1732.5297416161834, , , , 77593059, True, ##[error]Process completed with exit code 1.
> Task :buildSrc:generatePluginAdapters FROM-CACHE, 307.3146035659401, , , , 14798903, False, 
> Task :buildSrc:compileJava__dup_1042, 109.45885595977823, , , , 4700048, False, 
> Task :buildSrc:compileGroovy__dup_1043, 24.63064618269797, , , , 799769, False, 
> Task :buildSrc:classes__dup_1044, 2.9118385153342734, , , , 98966, False, 
> Task :buildSrc:jar__dup_1045, 724.5610120846102, , , , 28435023, True, ##[error]Process completed with exit code 1.
##[group]Run ./gradlew check --no-daemon --continue__dup_1046, 306.42728817274195, , , , 13472064, True, ##[error]Process completed with exit code 1.
> Task :buildSrc:generatePluginAdapters UP-TO-DATE__dup_1047, 2.949065216694535, , , , 98312, False, 
> Task :buildSrc:compileGroovyPlugins UP-TO-DATE, 3.008479814545696, , , , 100022, False, 
> Task :buildSrc:jar UP-TO-DATE__dup_1049, 73.86176684259861, , , , 3707147, False, 
##[group] Process test results__dup_1050, 13.250846157680892, , , , 918801, False, 
##[group] Publish results__dup_1051, 10.269495311662656, , , , 499062, False, 
##[group]Run haya14busa/action-cond@v1__dup_1052, 20.22469856017692, , , , 1264641, False, 
